#
# There is insufficient memory for the Java Runtime Environment to continue.
# Native memory allocation (malloc) failed to allocate 262160 bytes for Chunk::new
# Possible reasons:
#   The system is out of physical RAM or swap space
#   In 32 bit mode, the process size limit was hit
# Possible solutions:
#   Reduce memory load on the system
#   Increase physical memory or swap space
#   Check if swap backing store is full
#   Use 64 bit Java on a 64 bit OS
#   Decrease Java heap size (-Xmx/-Xms)
#   Decrease number of Java threads
#   Decrease Java thread stack sizes (-Xss)
#   Set larger code cache with -XX:ReservedCodeCacheSize=
# This output file may be truncated or incomplete.
#
#  Out of Memory Error (allocation.cpp:390), pid=1152, tid=0x0000000000002bdc
#
# JRE version: Java(TM) SE Runtime Environment (8.0_161-b12) (build 1.8.0_161-b12)
# Java VM: Java HotSpot(TM) 64-Bit Server VM (25.161-b12 mixed mode windows-amd64 compressed oops)
# Failed to write core dump. Minidumps are not enabled by default on client versions of Windows
#

---------------  T H R E A D  ---------------

Current thread (0x000000001beeb000):  JavaThread "C2 CompilerThread0" daemon [_thread_in_native, id=11228, stack(0x000000001d940000,0x000000001da40000)]

Stack: [0x000000001d940000,0x000000001da40000]
[error occurred during error reporting (printing stack bounds), id 0xc0000005]

Native frames: (J=compiled Java code, j=interpreted, Vv=VM code, C=native code)


Current CompileTask:
C2:   5368 3679       4       java.net.URLClassLoader$1::run (5 bytes)


---------------  P R O C E S S  ---------------

Java Threads: ( => current thread )
  0x000000001d370800 JavaThread "Service Thread" daemon [_thread_blocked, id=12792, stack(0x000000001dd70000,0x000000001de70000)]
  0x000000001d2fa000 JavaThread "C1 CompilerThread2" daemon [_thread_blocked, id=13044, stack(0x000000001dc60000,0x000000001dd60000)]
  0x000000001d2f3000 JavaThread "C2 CompilerThread1" daemon [_thread_in_native, id=15028, stack(0x000000001daf0000,0x000000001dbf0000)]
=>0x000000001beeb000 JavaThread "C2 CompilerThread0" daemon [_thread_in_native, id=11228, stack(0x000000001d940000,0x000000001da40000)]
  0x000000001d2c8800 JavaThread "Attach Listener" daemon [_thread_blocked, id=6424, stack(0x000000001d750000,0x000000001d850000)]
  0x000000001bede000 JavaThread "Signal Dispatcher" daemon [_thread_blocked, id=13756, stack(0x000000001d040000,0x000000001d140000)]
  0x000000001beca000 JavaThread "Finalizer" daemon [_thread_blocked, id=10372, stack(0x000000001d1c0000,0x000000001d2c0000)]
  0x000000001be83000 JavaThread "Reference Handler" daemon [_thread_blocked, id=7720, stack(0x000000001cf30000,0x000000001d030000)]
  0x0000000001ca8000 JavaThread "main" [_thread_in_native, id=11596, stack(0x0000000002760000,0x0000000002860000)]

Other Threads:
  0x000000001be7b800 VMThread [stack: 0x000000001ce10000,0x000000001cf10000] [id=13880]
  0x000000001d329000 WatcherThread [stack: 0x000000001dff0000,0x000000001e0f0000] [id=9988]

VM state:not at safepoint (normal execution)

VM Mutex/Monitor currently owned by a thread: None

Heap:
 PSYoungGen      total 141824K, used 52584K [0x000000076ae00000, 0x0000000774300000, 0x00000007c0000000)
  eden space 131072K, 31% used [0x000000076ae00000,0x000000076d6e00c0,0x0000000772e00000)
  from space 10752K, 99% used [0x0000000773880000,0x00000007742fa040,0x0000000774300000)
  to   space 10752K, 0% used [0x0000000772e00000,0x0000000772e00000,0x0000000773880000)
 ParOldGen       total 175104K, used 10700K [0x00000006c0a00000, 0x00000006cb500000, 0x000000076ae00000)
  object space 175104K, 6% used [0x00000006c0a00000,0x00000006c1473060,0x00000006cb500000)
 Metaspace       used 18853K, capacity 19472K, committed 19584K, reserved 1067008K
  class space    used 2208K, capacity 2373K, committed 2432K, reserved 1048576K

Card table byte_map: [0x0000000011c20000,0x0000000012420000] byte_map_base: 0x000000000e61b000

Marking Bits: (ParMarkBitMap*) 0x000000007095f860
 Begin Bits: [0x0000000012d40000, 0x0000000016d18000)
 End Bits:   [0x0000000016d18000, 0x000000001acf0000)

Polling page: 0x0000000000120000

CodeCache: size=245760Kb used=13622Kb max_used=13622Kb free=232137Kb
 bounds [0x0000000002860000, 0x00000000035c0000, 0x0000000011860000]
 total_blobs=4087 nmethods=3707 adapters=291
 compilation: enabled

Compilation events (10 events):
Event: 5.256 Thread 0x000000001d2fa000 3725       3       org.codehaus.plexus.util.SelectorUtils::match (520 bytes)
Event: 5.257 Thread 0x000000001d2fa000 nmethod 3725 0x00000000035b4a90 code [0x00000000035b4d20, 0x00000000035b6058]
Event: 5.257 Thread 0x000000001d2fa000 3723       3       org.codehaus.plexus.util.MatchPattern::matchPath (26 bytes)
Event: 5.257 Thread 0x000000001d2fa000 nmethod 3723 0x00000000035b6a10 code [0x00000000035b6bc0, 0x00000000035b7278]
Event: 5.261 Thread 0x000000001d2fa000 3726       3       org.codehaus.plexus.util.SelectorUtils::equals (37 bytes)
Event: 5.262 Thread 0x000000001d2fa000 nmethod 3726 0x00000000035b75d0 code [0x00000000035b7760, 0x00000000035b7a78]
Event: 5.287 Thread 0x000000001d2fa000 3728       3       org.codehaus.plexus.util.MatchPatterns::matches (85 bytes)
Event: 5.288 Thread 0x000000001d2fa000 nmethod 3728 0x00000000035b7b90 code [0x00000000035b7da0, 0x00000000035b8b28]
Event: 5.349 Thread 0x000000001d2fa000 3729       1       org.codehaus.plexus.util.DirectoryScanner::isSelected (2 bytes)
Event: 5.350 Thread 0x000000001d2fa000 nmethod 3729 0x00000000035b9390 code [0x00000000035b94e0, 0x00000000035b95f0]

GC Heap History (8 events):
Event: 1.329 GC heap before
{Heap before GC invocations=1 (full 0):
 PSYoungGen      total 76288K, used 65536K [0x000000076ae00000, 0x0000000770300000, 0x00000007c0000000)
  eden space 65536K, 100% used [0x000000076ae00000,0x000000076ee00000,0x000000076ee00000)
  from space 10752K, 0% used [0x000000076f880000,0x000000076f880000,0x0000000770300000)
  to   space 10752K, 0% used [0x000000076ee00000,0x000000076ee00000,0x000000076f880000)
 ParOldGen       total 175104K, used 0K [0x00000006c0a00000, 0x00000006cb500000, 0x000000076ae00000)
  object space 175104K, 0% used [0x00000006c0a00000,0x00000006c0a00000,0x00000006cb500000)
 Metaspace       used 11976K, capacity 12196K, committed 12416K, reserved 1060864K
  class space    used 1490K, capacity 1576K, committed 1664K, reserved 1048576K
Event: 1.336 GC heap after
Heap after GC invocations=1 (full 0):
 PSYoungGen      total 76288K, used 10618K [0x000000076ae00000, 0x0000000770300000, 0x00000007c0000000)
  eden space 65536K, 0% used [0x000000076ae00000,0x000000076ae00000,0x000000076ee00000)
  from space 10752K, 98% used [0x000000076ee00000,0x000000076f85e968,0x000000076f880000)
  to   space 10752K, 0% used [0x000000076f880000,0x000000076f880000,0x0000000770300000)
 ParOldGen       total 175104K, used 16K [0x00000006c0a00000, 0x00000006cb500000, 0x000000076ae00000)
  object space 175104K, 0% used [0x00000006c0a00000,0x00000006c0a04000,0x00000006cb500000)
 Metaspace       used 11976K, capacity 12196K, committed 12416K, reserved 1060864K
  class space    used 1490K, capacity 1576K, committed 1664K, reserved 1048576K
}
Event: 2.085 GC heap before
{Heap before GC invocations=2 (full 0):
 PSYoungGen      total 76288K, used 76154K [0x000000076ae00000, 0x0000000770300000, 0x00000007c0000000)
  eden space 65536K, 100% used [0x000000076ae00000,0x000000076ee00000,0x000000076ee00000)
  from space 10752K, 98% used [0x000000076ee00000,0x000000076f85e968,0x000000076f880000)
  to   space 10752K, 0% used [0x000000076f880000,0x000000076f880000,0x0000000770300000)
 ParOldGen       total 175104K, used 16K [0x00000006c0a00000, 0x00000006cb500000, 0x000000076ae00000)
  object space 175104K, 0% used [0x00000006c0a00000,0x00000006c0a04000,0x00000006cb500000)
 Metaspace       used 15359K, capacity 15594K, committed 15872K, reserved 1062912K
  class space    used 1853K, capacity 1945K, committed 2048K, reserved 1048576K
Event: 2.105 GC heap after
Heap after GC invocations=2 (full 0):
 PSYoungGen      total 76288K, used 10728K [0x000000076ae00000, 0x0000000774300000, 0x00000007c0000000)
  eden space 65536K, 0% used [0x000000076ae00000,0x000000076ae00000,0x000000076ee00000)
  from space 10752K, 99% used [0x000000076f880000,0x00000007702fa060,0x0000000770300000)
  to   space 10752K, 0% used [0x000000076ee00000,0x000000076ee00000,0x000000076f880000)
 ParOldGen       total 175104K, used 1833K [0x00000006c0a00000, 0x00000006cb500000, 0x000000076ae00000)
  object space 175104K, 1% used [0x00000006c0a00000,0x00000006c0bca500,0x00000006cb500000)
 Metaspace       used 15359K, capacity 15594K, committed 15872K, reserved 1062912K
  class space    used 1853K, capacity 1945K, committed 2048K, reserved 1048576K
}
Event: 2.571 GC heap before
{Heap before GC invocations=3 (full 0):
 PSYoungGen      total 76288K, used 76264K [0x000000076ae00000, 0x0000000774300000, 0x00000007c0000000)
  eden space 65536K, 100% used [0x000000076ae00000,0x000000076ee00000,0x000000076ee00000)
  from space 10752K, 99% used [0x000000076f880000,0x00000007702fa060,0x0000000770300000)
  to   space 10752K, 0% used [0x000000076ee00000,0x000000076ee00000,0x000000076f880000)
 ParOldGen       total 175104K, used 1833K [0x00000006c0a00000, 0x00000006cb500000, 0x000000076ae00000)
  object space 175104K, 1% used [0x00000006c0a00000,0x00000006c0bca500,0x00000006cb500000)
 Metaspace       used 15711K, capacity 16008K, committed 16128K, reserved 1062912K
  class space    used 1859K, capacity 1950K, committed 2048K, reserved 1048576K
Event: 2.584 GC heap after
Heap after GC invocations=3 (full 0):
 PSYoungGen      total 76288K, used 10728K [0x000000076ae00000, 0x0000000774300000, 0x00000007c0000000)
  eden space 65536K, 0% used [0x000000076ae00000,0x000000076ae00000,0x000000076ee00000)
  from space 10752K, 99% used [0x000000076ee00000,0x000000076f87a040,0x000000076f880000)
  to   space 10752K, 0% used [0x0000000773880000,0x0000000773880000,0x0000000774300000)
 ParOldGen       total 175104K, used 6945K [0x00000006c0a00000, 0x00000006cb500000, 0x000000076ae00000)
  object space 175104K, 3% used [0x00000006c0a00000,0x00000006c10c8520,0x00000006cb500000)
 Metaspace       used 15711K, capacity 16008K, committed 16128K, reserved 1062912K
  class space    used 1859K, capacity 1950K, committed 2048K, reserved 1048576K
}
Event: 4.041 GC heap before
{Heap before GC invocations=4 (full 0):
 PSYoungGen      total 76288K, used 76264K [0x000000076ae00000, 0x0000000774300000, 0x00000007c0000000)
  eden space 65536K, 100% used [0x000000076ae00000,0x000000076ee00000,0x000000076ee00000)
  from space 10752K, 99% used [0x000000076ee00000,0x000000076f87a040,0x000000076f880000)
  to   space 10752K, 0% used [0x0000000773880000,0x0000000773880000,0x0000000774300000)
 ParOldGen       total 175104K, used 6945K [0x00000006c0a00000, 0x00000006cb500000, 0x000000076ae00000)
  object space 175104K, 3% used [0x00000006c0a00000,0x00000006c10c8520,0x00000006cb500000)
 Metaspace       used 17203K, capacity 17634K, committed 17792K, reserved 1064960K
  class space    used 1998K, capacity 2129K, committed 2176K, reserved 1048576K
Event: 4.056 GC heap after
Heap after GC invocations=4 (full 0):
 PSYoungGen      total 141824K, used 10728K [0x000000076ae00000, 0x0000000774300000, 0x00000007c0000000)
  eden space 131072K, 0% used [0x000000076ae00000,0x000000076ae00000,0x0000000772e00000)
  from space 10752K, 99% used [0x0000000773880000,0x00000007742fa040,0x0000000774300000)
  to   space 10752K, 0% used [0x0000000772e00000,0x0000000772e00000,0x0000000773880000)
 ParOldGen       total 175104K, used 10700K [0x00000006c0a00000, 0x00000006cb500000, 0x000000076ae00000)
  object space 175104K, 6% used [0x00000006c0a00000,0x00000006c1473060,0x00000006cb500000)
 Metaspace       used 17203K, capacity 17634K, committed 17792K, reserved 1064960K
  class space    used 1998K, capacity 2129K, committed 2176K, reserved 1048576K
}

Deoptimization events (10 events):
Event: 4.119 Thread 0x0000000001ca8000 Uncommon trap: reason=unstable_if action=reinterpret pc=0x00000000034873f0 method=org.codehaus.plexus.util.SelectorUtils.match(Ljava/lang/String;Ljava/lang/String;Z)Z @ 280
Event: 4.917 Thread 0x0000000001ca8000 Uncommon trap: reason=class_check action=maybe_recompile pc=0x0000000003292004 method=org.eclipse.sisu.wire.EntryListAdapter$ValueIterator.hasNext()Z @ 4
Event: 5.017 Thread 0x0000000001ca8000 Uncommon trap: reason=bimorphic action=maybe_recompile pc=0x0000000002e7bb48 method=java.util.regex.Pattern$CharProperty.match(Ljava/util/regex/Matcher;ILjava/lang/CharSequence;)Z @ 37
Event: 5.128 Thread 0x0000000001ca8000 Uncommon trap: reason=class_check action=maybe_recompile pc=0x0000000003292004 method=org.eclipse.sisu.wire.EntryListAdapter$ValueIterator.hasNext()Z @ 4
Event: 5.210 Thread 0x0000000001ca8000 Uncommon trap: reason=bimorphic action=maybe_recompile pc=0x0000000002e7bb48 method=java.util.regex.Pattern$CharProperty.match(Ljava/util/regex/Matcher;ILjava/lang/CharSequence;)Z @ 37
Event: 5.214 Thread 0x0000000001ca8000 Uncommon trap: reason=unstable_if action=reinterpret pc=0x0000000003363aa8 method=java.util.IdentityHashMap.closeDeletion(I)V @ 37
Event: 5.214 Thread 0x0000000001ca8000 Uncommon trap: reason=unstable_if action=reinterpret pc=0x0000000003365a24 method=java.util.IdentityHashMap.closeDeletion(I)V @ 37
Event: 5.225 Thread 0x0000000001ca8000 Uncommon trap: reason=unstable_if action=reinterpret pc=0x00000000034128b0 method=org.apache.maven.model.Contributor.clone()Lorg/apache/maven/model/Contributor; @ 65
Event: 5.226 Thread 0x0000000001ca8000 Uncommon trap: reason=unstable_if action=reinterpret pc=0x000000000340449c method=org.apache.maven.model.Contributor.clone()Lorg/apache/maven/model/Contributor; @ 65
Event: 5.226 Thread 0x0000000001ca8000 Uncommon trap: reason=unstable_if action=reinterpret pc=0x00000000035538d4 method=org.apache.maven.model.PluginContainer.clone()Lorg/apache/maven/model/PluginContainer; @ 76

Classes redefined (0 events):
No events

Internal exceptions (10 events):
Event: 1.551 Thread 0x0000000001ca8000 Exception <a 'java/lang/NullPointerException'> (0x000000076ba23a30) thrown at [C:\re\workspace\8-2-build-windows-amd64-cygwin\jdk8u161\10277\hotspot\src\share\vm\interpreter\linkResolver.cpp, line 1185]
Event: 1.552 Thread 0x0000000001ca8000 Exception <a 'java/lang/NullPointerException'> (0x000000076ba39e48) thrown at [C:\re\workspace\8-2-build-windows-amd64-cygwin\jdk8u161\10277\hotspot\src\share\vm\interpreter\linkResolver.cpp, line 1185]
Event: 1.552 Thread 0x0000000001ca8000 Exception <a 'java/lang/NullPointerException'> (0x000000076ba3a060) thrown at [C:\re\workspace\8-2-build-windows-amd64-cygwin\jdk8u161\10277\hotspot\src\share\vm\interpreter\linkResolver.cpp, line 1185]
Event: 1.552 Thread 0x0000000001ca8000 Exception <a 'java/lang/NullPointerException'> (0x000000076ba3a278) thrown at [C:\re\workspace\8-2-build-windows-amd64-cygwin\jdk8u161\10277\hotspot\src\share\vm\interpreter\linkResolver.cpp, line 1185]
Event: 1.756 Thread 0x0000000001ca8000 Implicit null exception at 0x0000000002e66e44 to 0x0000000002e68205
Event: 1.971 Thread 0x0000000001ca8000 Implicit null exception at 0x0000000002c11155 to 0x0000000002c11359
Event: 1.971 Thread 0x0000000001ca8000 Implicit null exception at 0x0000000002b5b46f to 0x0000000002b5b4d9
Event: 2.034 Thread 0x0000000001ca8000 Implicit null exception at 0x0000000003038ec3 to 0x000000000303910d
Event: 2.490 Thread 0x0000000001ca8000 Implicit null exception at 0x000000000316fcc0 to 0x0000000003173889
Event: 3.412 Thread 0x0000000001ca8000 Implicit null exception at 0x00000000031f55d7 to 0x00000000031f647d

Events (10 events):
Event: 5.249 loading class org/codehaus/plexus/util/Scanner
Event: 5.249 loading class org/codehaus/plexus/util/Scanner done
Event: 5.250 loading class org/codehaus/plexus/util/MatchPattern
Event: 5.250 loading class org/codehaus/plexus/util/MatchPattern done
Event: 5.250 loading class org/codehaus/plexus/util/MatchPattern
Event: 5.250 loading class org/codehaus/plexus/util/MatchPattern done
Event: 5.251 loading class org/codehaus/plexus/util/SelectorUtils
Event: 5.251 loading class org/codehaus/plexus/util/SelectorUtils done
Event: 5.251 loading class org/codehaus/plexus/util/SelectorUtils
Event: 5.251 loading class org/codehaus/plexus/util/SelectorUtils done


Dynamic libraries:
0x000000013f0d0000 - 0x000000013f107000 	D:\Program Files\Java\jdk1.8.0_161\bin\javaw.exe
0x0000000076fd0000 - 0x000000007717a000 	C:\Windows\SYSTEM32\ntdll.dll
0x0000000076db0000 - 0x0000000076ecf000 	C:\Windows\system32\kernel32.dll
0x000007fefcdb0000 - 0x000007fefce1a000 	C:\Windows\system32\KERNELBASE.dll
0x000007fefd980000 - 0x000007fefda5b000 	C:\Windows\system32\ADVAPI32.dll
0x000007fefd8b0000 - 0x000007fefd94f000 	C:\Windows\system32\msvcrt.dll
0x000007fefd950000 - 0x000007fefd96f000 	C:\Windows\SYSTEM32\sechost.dll
0x000007feff160000 - 0x000007feff28d000 	C:\Windows\system32\RPCRT4.dll
0x0000000076ed0000 - 0x0000000076fca000 	C:\Windows\system32\USER32.dll
0x000007fefe150000 - 0x000007fefe1b7000 	C:\Windows\system32\GDI32.dll
0x000007fefd970000 - 0x000007fefd97e000 	C:\Windows\system32\LPK.dll
0x000007fefe220000 - 0x000007fefe2eb000 	C:\Windows\system32\USP10.dll
0x000007fefb420000 - 0x000007fefb614000 	C:\Windows\WinSxS\amd64_microsoft.windows.common-controls_6595b64144ccf1df_6.0.7601.18837_none_fa3b1e3d17594757\COMCTL32.dll
0x000007fefd080000 - 0x000007fefd0f1000 	C:\Windows\system32\SHLWAPI.dll
0x000007fefd590000 - 0x000007fefd5be000 	C:\Windows\system32\IMM32.DLL
0x000007fefd100000 - 0x000007fefd209000 	C:\Windows\system32\MSCTF.dll
0x00000000554b0000 - 0x0000000055582000 	D:\Program Files\Java\jdk1.8.0_161\jre\bin\msvcr100.dll
0x0000000070140000 - 0x00000000709df000 	D:\Program Files\Java\jdk1.8.0_161\jre\bin\server\jvm.dll
0x000007fef9350000 - 0x000007fef9359000 	C:\Windows\system32\WSOCK32.dll
0x000007feff290000 - 0x000007feff2dd000 	C:\Windows\system32\WS2_32.dll
0x000007fefd210000 - 0x000007fefd218000 	C:\Windows\system32\NSI.dll
0x000007fefa850000 - 0x000007fefa88b000 	C:\Windows\system32\WINMM.dll
0x000007fefbd60000 - 0x000007fefbd6c000 	C:\Windows\system32\VERSION.dll
0x0000000077190000 - 0x0000000077197000 	C:\Windows\system32\PSAPI.DLL
0x000000005f540000 - 0x000000005f54f000 	D:\Program Files\Java\jdk1.8.0_161\jre\bin\verify.dll
0x0000000056730000 - 0x0000000056759000 	D:\Program Files\Java\jdk1.8.0_161\jre\bin\java.dll
0x0000000056710000 - 0x0000000056726000 	D:\Program Files\Java\jdk1.8.0_161\jre\bin\zip.dll
0x000007fefe3d0000 - 0x000007feff15b000 	C:\Windows\system32\SHELL32.dll
0x000007fefda60000 - 0x000007fefdc5c000 	C:\Windows\system32\ole32.dll
0x000007fefccc0000 - 0x000007fefcccf000 	C:\Windows\system32\profapi.dll
0x000007fefad20000 - 0x000007fefad2a000 	D:\Program Files\apache-maven-3.5.0\lib\jansi-native\windows64\jansi.dll
0x0000000055490000 - 0x00000000554aa000 	D:\Program Files\Java\jdk1.8.0_161\jre\bin\net.dll
0x000007fefc470000 - 0x000007fefc4c5000 	C:\Windows\system32\mswsock.dll
0x000007fefc460000 - 0x000007fefc467000 	C:\Windows\System32\wship6.dll
0x0000000055470000 - 0x0000000055481000 	D:\Program Files\Java\jdk1.8.0_161\jre\bin\nio.dll

VM Arguments:
jvm_args: -Dmaven.home=D:\Program Files\apache-maven-3.5.0 -Dclassworlds.conf=D:\Users\THINK\Documents\workspace-sts-3.7.0.RELEASE\.metadata\.plugins\org.eclipse.m2e.launching\launches\m2conf6132053654185142279.tmp -Dmaven.multiModuleProjectDirectory=C:\Users\THINK\git\easy-cloud\easy-cloud-parent\easy-cloud-core -Dfile.encoding=GBK 
java_command: org.codehaus.plexus.classworlds.launcher.Launcher -B -s D:\Program Files\apache-maven-3.5.0\conf\settings.xml install
java_class_path (initial): D:\Program Files\apache-maven-3.5.0\boot\plexus-classworlds-2.5.2.jar
Launcher Type: SUN_STANDARD

Environment Variables:
JAVA_HOME=D:\Program Files\Java\jdk1.7.0_25
PATH=D:/Program Files/Java/jdk1.7.0_25/bin/../jre/bin/server;D:/Program Files/Java/jdk1.7.0_25/bin/../jre/bin;D:/Program Files/Java/jdk1.7.0_25/bin/../jre/lib/amd64;E:\Program Files (x86)\360\360DeskTop;C:\Program Files (x86)\Common Files\NetSarang;D:\Program Files\Java\jdk1.7.0_25\bin;D:\Program Files\apache-maven-3.5.0\bin;C:\Windows\system32;C:\Windows;C:\Windows\System32\Wbem;C:\Windows\System32\WindowsPowerShell\v1.0\;C:\Program Files\TortoiseGit\bin;d:\Program Files\Git\cmd;D:\开发工具\spring-tool-suite-3.7.0.RELEASE-e4.5-win32-x86_64\sts-bundle\sts-3.7.0.RELEASE;
USERNAME=THINK
OS=Windows_NT
PROCESSOR_IDENTIFIER=Intel64 Family 6 Model 60 Stepping 3, GenuineIntel



---------------  S Y S T E M  ---------------

OS: Windows 7 , 64 bit Build 7601 (6.1.7601.23807)

CPU:total 4 (initial active 4) (4 cores per cpu, 1 threads per core) family 6 model 60 stepping 3, cmov, cx8, fxsr, mmx, sse, sse2, sse3, ssse3, sse4.1, sse4.2, popcnt, avx, avx2, aes, clmul, erms, lzcnt, tsc, tscinvbit, bmi1, bmi2

Memory: 4k page, physical 16728616k(3904760k free), swap 20921060k(5112k free)

vm_info: Java HotSpot(TM) 64-Bit Server VM (25.161-b12) for windows-amd64 JRE (1.8.0_161-b12), built on Dec 19 2017 17:52:25 by "java_re" with MS VC++ 10.0 (VS2010)

time: Thu Apr 12 16:59:43 2018
elapsed time: 5 seconds (0d 0h 0m 5s)

