#
# There is insufficient memory for the Java Runtime Environment to continue.
# Native memory allocation (malloc) failed to allocate 1740384 bytes for Chunk::new
# Possible reasons:
#   The system is out of physical RAM or swap space
#   In 32 bit mode, the process size limit was hit
# Possible solutions:
#   Reduce memory load on the system
#   Increase physical memory or swap space
#   Check if swap backing store is full
#   Use 64 bit Java on a 64 bit OS
#   Decrease Java heap size (-Xmx/-Xms)
#   Decrease number of Java threads
#   Decrease Java thread stack sizes (-Xss)
#   Set larger code cache with -XX:ReservedCodeCacheSize=
# This output file may be truncated or incomplete.
#
#  Out of Memory Error (allocation.cpp:390), pid=23748, tid=0x0000000000005d54
#
# JRE version: Java(TM) SE Runtime Environment (8.0_161-b12) (build 1.8.0_161-b12)
# Java VM: Java HotSpot(TM) 64-Bit Server VM (25.161-b12 mixed mode windows-amd64 compressed oops)
# Failed to write core dump. Minidumps are not enabled by default on client versions of Windows
#

---------------  T H R E A D  ---------------

Current thread (0x000000001d64a800):  JavaThread "C2 CompilerThread0" daemon [_thread_in_native, id=23892, stack(0x000000001e600000,0x000000001e700000)]

Stack: [0x000000001e600000,0x000000001e700000]
[error occurred during error reporting (printing stack bounds), id 0xc0000005]

Native frames: (J=compiled Java code, j=interpreted, Vv=VM code, C=native code)


Current CompileTask:
C2:  10491 4587   !   4       org.springframework.core.annotation.AnnotatedElementUtils::searchWithFindSemantics (713 bytes)


---------------  P R O C E S S  ---------------

Java Threads: ( => current thread )
  0x0000000020d7b800 JavaThread "threadDeathWatcher-5-1" daemon [_thread_blocked, id=24008, stack(0x00000000291e0000,0x00000000292e0000)]
  0x0000000020d7a800 JavaThread "redisson-netty-1-8" [_thread_in_native, id=24004, stack(0x0000000028d20000,0x0000000028e20000)]
  0x0000000020d7a000 JavaThread "redisson-netty-1-7" [_thread_in_native, id=24000, stack(0x0000000028c10000,0x0000000028d10000)]
  0x0000000020d79000 JavaThread "redisson-netty-1-6" [_thread_in_native, id=16852, stack(0x0000000028aa0000,0x0000000028ba0000)]
  0x00000000215ca800 JavaThread "redisson-netty-1-5" [_thread_in_native, id=23996, stack(0x00000000288e0000,0x00000000289e0000)]
  0x0000000024079000 JavaThread "redisson-netty-1-4" [_thread_in_native, id=23992, stack(0x0000000028720000,0x0000000028820000)]
  0x0000000022ecb000 JavaThread "redisson-netty-1-3" [_thread_in_native, id=23988, stack(0x00000000285f0000,0x00000000286f0000)]
  0x0000000020fd4800 JavaThread "redisson-netty-1-2" [_thread_in_native, id=23984, stack(0x0000000021b30000,0x0000000021c30000)]
  0x000000002098d800 JavaThread "redisson-netty-1-1" [_thread_in_native, id=23980, stack(0x00000000283b0000,0x00000000284b0000)]
  0x000000001fc54000 JavaThread "commons-pool-EvictionTimer" daemon [_thread_blocked, id=23976, stack(0x00000000243c0000,0x00000000244c0000)]
  0x0000000020d80800 JavaThread "container-0" [_thread_blocked, id=23968, stack(0x0000000026fe0000,0x00000000270e0000)]
  0x0000000022df5800 JavaThread "ContainerBackgroundProcessor[StandardEngine[Tomcat]]" daemon [_thread_blocked, id=23964, stack(0x0000000021c90000,0x0000000021d90000)]
  0x0000000024c36800 JavaThread "localhost-startStop-1" daemon [_thread_blocked, id=23960, stack(0x0000000026ed0000,0x0000000026fd0000)]
  0x0000000022dcd800 JavaThread "Tomcat-startStop-1" daemon [_thread_blocked, id=23956, stack(0x0000000020180000,0x0000000020280000)]
  0x000000001d68c000 JavaThread "Service Thread" daemon [_thread_blocked, id=23908, stack(0x000000001e2a0000,0x000000001e3a0000)]
  0x000000001d654000 JavaThread "C1 CompilerThread2" daemon [_thread_blocked, id=23900, stack(0x000000001e740000,0x000000001e840000)]
  0x000000001d651000 JavaThread "C2 CompilerThread1" daemon [_thread_in_native, id=23896, stack(0x000000001e4e0000,0x000000001e5e0000)]
=>0x000000001d64a800 JavaThread "C2 CompilerThread0" daemon [_thread_in_native, id=23892, stack(0x000000001e600000,0x000000001e700000)]
  0x000000001d63b800 JavaThread "JDWP Command Reader" daemon [_thread_in_native, id=23876, stack(0x000000001e3e0000,0x000000001e4e0000)]
  0x000000001d63a000 JavaThread "JDWP Event Helper Thread" daemon [_thread_blocked, id=23872, stack(0x000000001ddf0000,0x000000001def0000)]
  0x000000001d630000 JavaThread "JDWP Transport Listener: dt_socket" daemon [_thread_blocked, id=23860, stack(0x000000001e030000,0x000000001e130000)]
  0x000000001d612800 JavaThread "Attach Listener" daemon [_thread_blocked, id=23840, stack(0x000000001d330000,0x000000001d430000)]
  0x000000001c0df800 JavaThread "Signal Dispatcher" daemon [_thread_blocked, id=23836, stack(0x000000001dae0000,0x000000001dbe0000)]
  0x000000001c0bf800 JavaThread "Finalizer" daemon [_thread_blocked, id=23832, stack(0x000000001d500000,0x000000001d600000)]
  0x000000001c078800 JavaThread "Reference Handler" daemon [_thread_blocked, id=23828, stack(0x000000001d220000,0x000000001d320000)]
  0x000000000233d000 JavaThread "main" [_thread_in_Java, id=23800, stack(0x00000000025c0000,0x00000000026c0000)]

Other Threads:
  0x000000001c070800 VMThread [stack: 0x000000001d0a0000,0x000000001d1a0000] [id=23824]
  0x000000001d68e800 WatcherThread [stack: 0x000000001e890000,0x000000001e990000] [id=23912]

VM state:not at safepoint (normal execution)

VM Mutex/Monitor currently owned by a thread: None

Heap:
 PSYoungGen      total 498688K, used 133111K [0x000000076ae00000, 0x0000000796980000, 0x00000007c0000000)
  eden space 463360K, 21% used [0x000000076ae00000,0x0000000770d804a8,0x0000000787280000)
  from space 35328K, 99% used [0x0000000787280000,0x00000007894fdae8,0x0000000789500000)
  to   space 51200K, 0% used [0x0000000793780000,0x0000000793780000,0x0000000796980000)
 ParOldGen       total 172544K, used 67597K [0x00000006c0a00000, 0x00000006cb280000, 0x000000076ae00000)
  object space 172544K, 39% used [0x00000006c0a00000,0x00000006c4c03710,0x00000006cb280000)
 Metaspace       used 44075K, capacity 44480K, committed 45016K, reserved 1089536K
  class space    used 5448K, capacity 5551K, committed 5592K, reserved 1048576K

Card table byte_map: [0x0000000011a80000,0x0000000012280000] byte_map_base: 0x000000000e47b000

Marking Bits: (ParMarkBitMap*) 0x000000007110f860
 Begin Bits: [0x0000000012f30000, 0x0000000016f08000)
 End Bits:   [0x0000000016f08000, 0x000000001aee0000)

Polling page: 0x0000000000220000

CodeCache: size=245760Kb used=16580Kb max_used=16580Kb free=229179Kb
 bounds [0x00000000026c0000, 0x0000000003710000, 0x00000000116c0000]
 total_blobs=4380 nmethods=3907 adapters=392
 compilation: enabled

Compilation events (10 events):
Event: 10.478 Thread 0x000000001d654000 4639       3       org.apache.tomcat.util.modeler.OperationInfo::setReturnType (6 bytes)
Event: 10.478 Thread 0x000000001d654000 nmethod 4639 0x0000000003703ad0 code [0x0000000003703c20, 0x0000000003703d90]
Event: 10.478 Thread 0x000000001d654000 4637       3       org.apache.tomcat.util.modeler.AttributeInfo::setGetMethod (6 bytes)
Event: 10.478 Thread 0x000000001d654000 nmethod 4637 0x0000000003703e10 code [0x0000000003703f60, 0x00000000037040d0]
Event: 10.478 Thread 0x000000001d654000 4640       3       org.apache.tomcat.util.modeler.ManagedBean::addOperation (17 bytes)
Event: 10.478 Thread 0x000000001d654000 nmethod 4640 0x0000000003704150 code [0x00000000037042c0, 0x0000000003704538]
Event: 10.478 Thread 0x000000001d654000 4641       3       org.apache.juli.logging.DirectJDKLog::isTraceEnabled (11 bytes)
Event: 10.478 Thread 0x000000001d654000 nmethod 4641 0x0000000003704610 code [0x0000000003704780, 0x0000000003704af0]
Event: 10.480 Thread 0x000000001d654000 4642       1       org.apache.tomcat.util.modeler.ManagedBean::getType (5 bytes)
Event: 10.480 Thread 0x000000001d654000 nmethod 4642 0x0000000003704c10 code [0x0000000003704d60, 0x0000000003704e70]

GC Heap History (10 events):
Event: 6.431 GC heap before
{Heap before GC invocations=7 (full 1):
 PSYoungGen      total 272384K, used 138706K [0x000000076ae00000, 0x000000077ff00000, 0x00000007c0000000)
  eden space 261632K, 48% used [0x000000076ae00000,0x0000000772af61d0,0x000000077ad80000)
  from space 10752K, 99% used [0x000000077ad80000,0x000000077b7fe890,0x000000077b800000)
  to   space 20480K, 0% used [0x000000077eb00000,0x000000077eb00000,0x000000077ff00000)
 ParOldGen       total 102912K, used 20570K [0x00000006c0a00000, 0x00000006c6e80000, 0x000000076ae00000)
  object space 102912K, 19% used [0x00000006c0a00000,0x00000006c1e16ae8,0x00000006c6e80000)
 Metaspace       used 34827K, capacity 35162K, committed 35416K, reserved 1081344K
  class space    used 4243K, capacity 4354K, committed 4440K, reserved 1048576K
Event: 6.452 GC heap after
Heap after GC invocations=7 (full 1):
 PSYoungGen      total 320000K, used 20476K [0x000000076ae00000, 0x0000000785f80000, 0x00000007c0000000)
  eden space 299520K, 0% used [0x000000076ae00000,0x000000076ae00000,0x000000077d280000)
  from space 20480K, 99% used [0x000000077eb00000,0x000000077feff370,0x000000077ff00000)
  to   space 25088K, 0% used [0x000000077d280000,0x000000077d280000,0x000000077eb00000)
 ParOldGen       total 102912K, used 23213K [0x00000006c0a00000, 0x00000006c6e80000, 0x000000076ae00000)
  object space 102912K, 22% used [0x00000006c0a00000,0x00000006c20ab568,0x00000006c6e80000)
 Metaspace       used 34827K, capacity 35162K, committed 35416K, reserved 1081344K
  class space    used 4243K, capacity 4354K, committed 4440K, reserved 1048576K
}
Event: 6.452 GC heap before
{Heap before GC invocations=8 (full 2):
 PSYoungGen      total 320000K, used 20476K [0x000000076ae00000, 0x0000000785f80000, 0x00000007c0000000)
  eden space 299520K, 0% used [0x000000076ae00000,0x000000076ae00000,0x000000077d280000)
  from space 20480K, 99% used [0x000000077eb00000,0x000000077feff370,0x000000077ff00000)
  to   space 25088K, 0% used [0x000000077d280000,0x000000077d280000,0x000000077eb00000)
 ParOldGen       total 102912K, used 23213K [0x00000006c0a00000, 0x00000006c6e80000, 0x000000076ae00000)
  object space 102912K, 22% used [0x00000006c0a00000,0x00000006c20ab568,0x00000006c6e80000)
 Metaspace       used 34827K, capacity 35162K, committed 35416K, reserved 1081344K
  class space    used 4243K, capacity 4354K, committed 4440K, reserved 1048576K
Event: 6.498 GC heap after
Heap after GC invocations=8 (full 2):
 PSYoungGen      total 320000K, used 0K [0x000000076ae00000, 0x0000000785f80000, 0x00000007c0000000)
  eden space 299520K, 0% used [0x000000076ae00000,0x000000076ae00000,0x000000077d280000)
  from space 20480K, 0% used [0x000000077eb00000,0x000000077eb00000,0x000000077ff00000)
  to   space 25088K, 0% used [0x000000077d280000,0x000000077d280000,0x000000077eb00000)
 ParOldGen       total 172544K, used 29346K [0x00000006c0a00000, 0x00000006cb280000, 0x000000076ae00000)
  object space 172544K, 17% used [0x00000006c0a00000,0x00000006c26a8a88,0x00000006cb280000)
 Metaspace       used 34827K, capacity 35162K, committed 35416K, reserved 1081344K
  class space    used 4243K, capacity 4354K, committed 4440K, reserved 1048576K
}
Event: 7.650 GC heap before
{Heap before GC invocations=9 (full 2):
 PSYoungGen      total 320000K, used 299520K [0x000000076ae00000, 0x0000000785f80000, 0x00000007c0000000)
  eden space 299520K, 100% used [0x000000076ae00000,0x000000077d280000,0x000000077d280000)
  from space 20480K, 0% used [0x000000077eb00000,0x000000077eb00000,0x000000077ff00000)
  to   space 25088K, 0% used [0x000000077d280000,0x000000077d280000,0x000000077eb00000)
 ParOldGen       total 172544K, used 29346K [0x00000006c0a00000, 0x00000006cb280000, 0x000000076ae00000)
  object space 172544K, 17% used [0x00000006c0a00000,0x00000006c26a8a88,0x00000006cb280000)
 Metaspace       used 40637K, capacity 40982K, committed 41560K, reserved 1085440K
  class space    used 5003K, capacity 5096K, committed 5208K, reserved 1048576K
Event: 7.667 GC heap after
Heap after GC invocations=9 (full 2):
 PSYoungGen      total 324608K, used 25071K [0x000000076ae00000, 0x000000078b800000, 0x00000007c0000000)
  eden space 299520K, 0% used [0x000000076ae00000,0x000000076ae00000,0x000000077d280000)
  from space 25088K, 99% used [0x000000077d280000,0x000000077eafbd70,0x000000077eb00000)
  to   space 35840K, 0% used [0x0000000789500000,0x0000000789500000,0x000000078b800000)
 ParOldGen       total 172544K, used 42016K [0x00000006c0a00000, 0x00000006cb280000, 0x000000076ae00000)
  object space 172544K, 24% used [0x00000006c0a00000,0x00000006c3308020,0x00000006cb280000)
 Metaspace       used 40637K, capacity 40982K, committed 41560K, reserved 1085440K
  class space    used 5003K, capacity 5096K, committed 5208K, reserved 1048576K
}
Event: 8.486 GC heap before
{Heap before GC invocations=10 (full 2):
 PSYoungGen      total 324608K, used 324591K [0x000000076ae00000, 0x000000078b800000, 0x00000007c0000000)
  eden space 299520K, 100% used [0x000000076ae00000,0x000000077d280000,0x000000077d280000)
  from space 25088K, 99% used [0x000000077d280000,0x000000077eafbd70,0x000000077eb00000)
  to   space 35840K, 0% used [0x0000000789500000,0x0000000789500000,0x000000078b800000)
 ParOldGen       total 172544K, used 42016K [0x00000006c0a00000, 0x00000006cb280000, 0x000000076ae00000)
  object space 172544K, 24% used [0x00000006c0a00000,0x00000006c3308020,0x00000006cb280000)
 Metaspace       used 41262K, capacity 41576K, committed 42072K, reserved 1085440K
  class space    used 5080K, capacity 5163K, committed 5208K, reserved 1048576K
Event: 8.510 GC heap after
Heap after GC invocations=10 (full 2):
 PSYoungGen      total 499200K, used 21828K [0x000000076ae00000, 0x000000078bb00000, 0x00000007c0000000)
  eden space 463360K, 0% used [0x000000076ae00000,0x000000076ae00000,0x0000000787280000)
  from space 35840K, 60% used [0x0000000789500000,0x000000078aa51388,0x000000078b800000)
  to   space 35328K, 0% used [0x0000000787280000,0x0000000787280000,0x0000000789500000)
 ParOldGen       total 172544K, used 42016K [0x00000006c0a00000, 0x00000006cb280000, 0x000000076ae00000)
  object space 172544K, 24% used [0x00000006c0a00000,0x00000006c3308020,0x00000006cb280000)
 Metaspace       used 41262K, capacity 41576K, committed 42072K, reserved 1085440K
  class space    used 5080K, capacity 5163K, committed 5208K, reserved 1048576K
}
Event: 10.030 GC heap before
{Heap before GC invocations=11 (full 2):
 PSYoungGen      total 499200K, used 485188K [0x000000076ae00000, 0x000000078bb00000, 0x00000007c0000000)
  eden space 463360K, 100% used [0x000000076ae00000,0x0000000787280000,0x0000000787280000)
  from space 35840K, 60% used [0x0000000789500000,0x000000078aa51388,0x000000078b800000)
  to   space 35328K, 0% used [0x0000000787280000,0x0000000787280000,0x0000000789500000)
 ParOldGen       total 172544K, used 42016K [0x00000006c0a00000, 0x00000006cb280000, 0x000000076ae00000)
  object space 172544K, 24% used [0x00000006c0a00000,0x00000006c3308020,0x00000006cb280000)
 Metaspace       used 43669K, capacity 44014K, committed 44504K, reserved 1087488K
  class space    used 5399K, capacity 5484K, committed 5592K, reserved 1048576K
Event: 10.058 GC heap after
Heap after GC invocations=11 (full 2):
 PSYoungGen      total 498688K, used 35318K [0x000000076ae00000, 0x0000000796980000, 0x00000007c0000000)
  eden space 463360K, 0% used [0x000000076ae00000,0x000000076ae00000,0x0000000787280000)
  from space 35328K, 99% used [0x0000000787280000,0x00000007894fdae8,0x0000000789500000)
  to   space 51200K, 0% used [0x0000000793780000,0x0000000793780000,0x0000000796980000)
 ParOldGen       total 172544K, used 67597K [0x00000006c0a00000, 0x00000006cb280000, 0x000000076ae00000)
  object space 172544K, 39% used [0x00000006c0a00000,0x00000006c4c03710,0x00000006cb280000)
 Metaspace       used 43669K, capacity 44014K, committed 44504K, reserved 1087488K
  class space    used 5399K, capacity 5484K, committed 5592K, reserved 1048576K
}

Deoptimization events (10 events):
Event: 10.482 Thread 0x000000000233d000 Uncommon trap: reason=unhandled action=none pc=0x000000000305a4d0 method=java.net.URLClassLoader.findClass(Ljava/lang/String;)Ljava/lang/Class; @ 44
Event: 10.482 Thread 0x000000000233d000 Uncommon trap: reason=unhandled action=none pc=0x00000000029ec3a0 method=java.net.URLClassLoader.findClass(Ljava/lang/String;)Ljava/lang/Class; @ 44
Event: 10.482 Thread 0x000000000233d000 Uncommon trap: reason=unhandled action=none pc=0x000000000305a4d0 method=java.net.URLClassLoader.findClass(Ljava/lang/String;)Ljava/lang/Class; @ 44
Event: 10.482 Thread 0x000000000233d000 Uncommon trap: reason=unhandled action=none pc=0x00000000029ec3a0 method=java.net.URLClassLoader.findClass(Ljava/lang/String;)Ljava/lang/Class; @ 44
Event: 10.483 Thread 0x000000000233d000 Uncommon trap: reason=unhandled action=none pc=0x000000000305a4d0 method=java.net.URLClassLoader.findClass(Ljava/lang/String;)Ljava/lang/Class; @ 44
Event: 10.483 Thread 0x000000000233d000 Uncommon trap: reason=unhandled action=none pc=0x00000000029ec3a0 method=java.net.URLClassLoader.findClass(Ljava/lang/String;)Ljava/lang/Class; @ 44
Event: 10.483 Thread 0x000000000233d000 Uncommon trap: reason=unhandled action=none pc=0x000000000305a4d0 method=java.net.URLClassLoader.findClass(Ljava/lang/String;)Ljava/lang/Class; @ 44
Event: 10.483 Thread 0x000000000233d000 Uncommon trap: reason=unhandled action=none pc=0x00000000029ec3a0 method=java.net.URLClassLoader.findClass(Ljava/lang/String;)Ljava/lang/Class; @ 44
Event: 10.484 Thread 0x000000000233d000 Uncommon trap: reason=unhandled action=none pc=0x000000000305a4d0 method=java.net.URLClassLoader.findClass(Ljava/lang/String;)Ljava/lang/Class; @ 44
Event: 10.484 Thread 0x000000000233d000 Uncommon trap: reason=unhandled action=none pc=0x00000000029ec3a0 method=java.net.URLClassLoader.findClass(Ljava/lang/String;)Ljava/lang/Class; @ 44

Classes redefined (0 events):
No events

Internal exceptions (10 events):
Event: 10.452 Thread 0x000000000233d000 Exception <a 'java/lang/ClassNotFoundException': java/lang/ObjectCustomizer> (0x00000007707262d8) thrown at [C:\re\workspace\8-2-build-windows-amd64-cygwin\jdk8u161\10277\hotspot\src\share\vm\classfile\systemDictionary.cpp, line 210]
Event: 10.452 Thread 0x000000000233d000 Exception <a 'java/lang/ClassNotFoundException': org/springframework/amqp/rabbit/connection/AbstractConnectionFactoryCustomizer> (0x0000000770749818) thrown at [C:\re\workspace\8-2-build-windows-amd64-cygwin\jdk8u161\10277\hotspot\src\share\vm\classfile\s
Event: 10.453 Thread 0x000000000233d000 Exception <a 'java/lang/ArrayIndexOutOfBoundsException': 85> (0x0000000770750ab8) thrown at [C:\re\workspace\8-2-build-windows-amd64-cygwin\jdk8u161\10277\hotspot\src\share\vm\interpreter\interpreterRuntime.cpp, line 366]
Event: 10.453 Thread 0x000000000233d000 Exception <a 'java/lang/ArrayIndexOutOfBoundsException': 82> (0x0000000770753e68) thrown at [C:\re\workspace\8-2-build-windows-amd64-cygwin\jdk8u161\10277\hotspot\src\share\vm\interpreter\interpreterRuntime.cpp, line 366]
Event: 10.454 Thread 0x000000000233d000 Exception <a 'java/lang/ClassNotFoundException': org/springframework/amqp/rabbit/connection/ConnectionFactoryCustomizer> (0x000000077079b610) thrown at [C:\re\workspace\8-2-build-windows-amd64-cygwin\jdk8u161\10277\hotspot\src\share\vm\classfile\systemDic
Event: 10.454 Thread 0x000000000233d000 Exception <a 'java/lang/ClassNotFoundException': org/springframework/beans/factory/DisposableBeanCustomizer> (0x00000007707bafa0) thrown at [C:\re\workspace\8-2-build-windows-amd64-cygwin\jdk8u161\10277\hotspot\src\share\vm\classfile\systemDictionary.cpp,
Event: 10.455 Thread 0x000000000233d000 Exception <a 'java/lang/ClassNotFoundException': org/springframework/beans/factory/BeanNameAwareCustomizer> (0x00000007707d4af0) thrown at [C:\re\workspace\8-2-build-windows-amd64-cygwin\jdk8u161\10277\hotspot\src\share\vm\classfile\systemDictionary.cpp, 
Event: 10.461 Thread 0x000000000233d000 Exception <a 'java/lang/ArrayIndexOutOfBoundsException': 153> (0x00000007708312d0) thrown at [C:\re\workspace\8-2-build-windows-amd64-cygwin\jdk8u161\10277\hotspot\src\share\vm\interpreter\interpreterRuntime.cpp, line 366]
Event: 10.461 Thread 0x000000000233d000 Exception <a 'java/lang/ArrayIndexOutOfBoundsException': 323> (0x00000007708360f0) thrown at [C:\re\workspace\8-2-build-windows-amd64-cygwin\jdk8u161\10277\hotspot\src\share\vm\interpreter\interpreterRuntime.cpp, line 366]
Event: 10.462 Thread 0x000000000233d000 Exception <a 'java/lang/ArrayIndexOutOfBoundsException': 40> (0x00000007708370b0) thrown at [C:\re\workspace\8-2-build-windows-amd64-cygwin\jdk8u161\10277\hotspot\src\share\vm\interpreter\interpreterRuntime.cpp, line 366]

Events (10 events):
Event: 10.484 Thread 0x000000000233d000 Uncommon trap: trap_request=0xffffffa7 fr.pc=0x000000000305a4d0
Event: 10.484 Thread 0x000000000233d000 DEOPT PACKING pc=0x000000000305a4d0 sp=0x00000000026bcf30
Event: 10.484 Thread 0x000000000233d000 DEOPT UNPACKING pc=0x000000000270583b sp=0x00000000026bce28 mode 2
Event: 10.484 Thread 0x000000000233d000 Uncommon trap: trap_request=0xffffffa7 fr.pc=0x00000000029ec3a0
Event: 10.484 Thread 0x000000000233d000 DEOPT PACKING pc=0x00000000029ec3a0 sp=0x00000000026bcf20
Event: 10.484 Thread 0x000000000233d000 DEOPT UNPACKING pc=0x000000000270583b sp=0x00000000026bcec8 mode 2
Event: 10.484 Thread 0x000000000233d000 DEOPT PACKING pc=0x0000000002e39c40 sp=0x00000000026bd030
Event: 10.484 Thread 0x000000000233d000 DEOPT UNPACKING pc=0x0000000002707890 sp=0x00000000026bcd28 mode 1
Event: 10.484 Thread 0x000000000233d000 DEOPT PACKING pc=0x0000000002d01d54 sp=0x00000000026bd990
Event: 10.484 Thread 0x000000000233d000 DEOPT UNPACKING pc=0x0000000002707890 sp=0x00000000026bd6b8 mode 1


Dynamic libraries:
0x000000013fd20000 - 0x000000013fd57000 	D:\Program Files\Java\jdk1.8.0_161\bin\javaw.exe
0x0000000076fd0000 - 0x000000007717a000 	C:\Windows\SYSTEM32\ntdll.dll
0x0000000076db0000 - 0x0000000076ecf000 	C:\Windows\system32\kernel32.dll
0x000007fefcdb0000 - 0x000007fefce1a000 	C:\Windows\system32\KERNELBASE.dll
0x000007fefd980000 - 0x000007fefda5b000 	C:\Windows\system32\ADVAPI32.dll
0x000007fefd8b0000 - 0x000007fefd94f000 	C:\Windows\system32\msvcrt.dll
0x000007fefd950000 - 0x000007fefd96f000 	C:\Windows\SYSTEM32\sechost.dll
0x000007feff160000 - 0x000007feff28d000 	C:\Windows\system32\RPCRT4.dll
0x0000000076ed0000 - 0x0000000076fca000 	C:\Windows\system32\USER32.dll
0x000007fefe150000 - 0x000007fefe1b7000 	C:\Windows\system32\GDI32.dll
0x000007fefd970000 - 0x000007fefd97e000 	C:\Windows\system32\LPK.dll
0x000007fefe220000 - 0x000007fefe2eb000 	C:\Windows\system32\USP10.dll
0x000007fefb420000 - 0x000007fefb614000 	C:\Windows\WinSxS\amd64_microsoft.windows.common-controls_6595b64144ccf1df_6.0.7601.18837_none_fa3b1e3d17594757\COMCTL32.dll
0x000007fefd080000 - 0x000007fefd0f1000 	C:\Windows\system32\SHLWAPI.dll
0x000007fefd590000 - 0x000007fefd5be000 	C:\Windows\system32\IMM32.DLL
0x000007fefd100000 - 0x000007fefd209000 	C:\Windows\system32\MSCTF.dll
0x0000000077340000 - 0x0000000077412000 	D:\Program Files\Java\jdk1.8.0_161\jre\bin\msvcr100.dll
0x00000000708f0000 - 0x000000007118f000 	D:\Program Files\Java\jdk1.8.0_161\jre\bin\server\jvm.dll
0x000007fef9350000 - 0x000007fef9359000 	C:\Windows\system32\WSOCK32.dll
0x000007feff290000 - 0x000007feff2dd000 	C:\Windows\system32\WS2_32.dll
0x000007fefd210000 - 0x000007fefd218000 	C:\Windows\system32\NSI.dll
0x000007fefa850000 - 0x000007fefa88b000 	C:\Windows\system32\WINMM.dll
0x000007fefbd60000 - 0x000007fefbd6c000 	C:\Windows\system32\VERSION.dll
0x0000000077190000 - 0x0000000077197000 	C:\Windows\system32\PSAPI.DLL
0x000000005c1d0000 - 0x000000005c1df000 	D:\Program Files\Java\jdk1.8.0_161\jre\bin\verify.dll
0x0000000051ba0000 - 0x0000000051bc9000 	D:\Program Files\Java\jdk1.8.0_161\jre\bin\java.dll
0x0000000051120000 - 0x0000000051155000 	D:\Program Files\Java\jdk1.8.0_161\jre\bin\jdwp.dll
0x000000005bb30000 - 0x000000005bb38000 	D:\Program Files\Java\jdk1.8.0_161\jre\bin\npt.dll
0x0000000051e40000 - 0x0000000051e56000 	D:\Program Files\Java\jdk1.8.0_161\jre\bin\zip.dll
0x000007fefe3d0000 - 0x000007feff15b000 	C:\Windows\system32\SHELL32.dll
0x000007fefda60000 - 0x000007fefdc5c000 	C:\Windows\system32\ole32.dll
0x000007fefccc0000 - 0x000007fefcccf000 	C:\Windows\system32\profapi.dll
0x0000000054bf0000 - 0x0000000054bf9000 	D:\Program Files\Java\jdk1.8.0_161\jre\bin\dt_socket.dll
0x000007fefa8d0000 - 0x000007fefa8e5000 	C:\Windows\system32\NLAapi.dll
0x000007fef7720000 - 0x000007fef7735000 	C:\Windows\system32\napinsp.dll
0x000007fef7700000 - 0x000007fef7719000 	C:\Windows\system32\pnrpnsp.dll
0x000007fefc470000 - 0x000007fefc4c5000 	C:\Windows\System32\mswsock.dll
0x000007fefc2f0000 - 0x000007fefc34b000 	C:\Windows\system32\DNSAPI.dll
0x000007fef76f0000 - 0x000007fef76fb000 	C:\Windows\System32\winrnr.dll
0x000007fef76e0000 - 0x000007fef76f0000 	C:\Windows\system32\wshbth.dll
0x000007fefa450000 - 0x000007fefa477000 	C:\Windows\system32\IPHLPAPI.DLL
0x000007fefa440000 - 0x000007fefa44b000 	C:\Windows\system32\WINNSI.DLL
0x000007fef9520000 - 0x000007fef9573000 	C:\Windows\System32\fwpuclnt.dll
0x000007fef7910000 - 0x000007fef7918000 	C:\Windows\system32\rasadhlp.dll
0x000007fefbe30000 - 0x000007fefbe37000 	C:\Windows\System32\wshtcpip.dll
0x0000000053b20000 - 0x0000000053b2d000 	D:\Program Files\Java\jdk1.8.0_161\jre\bin\management.dll
0x00000000513a0000 - 0x00000000513ba000 	D:\Program Files\Java\jdk1.8.0_161\jre\bin\net.dll
0x000007fefc460000 - 0x000007fefc467000 	C:\Windows\System32\wship6.dll
0x00000000511a0000 - 0x00000000511b1000 	D:\Program Files\Java\jdk1.8.0_161\jre\bin\nio.dll
0x000007fefc4d0000 - 0x000007fefc4e7000 	C:\Windows\system32\CRYPTSP.dll
0x000007fefc1d0000 - 0x000007fefc217000 	C:\Windows\system32\rsaenh.dll
0x000007fefcce0000 - 0x000007fefccfe000 	C:\Windows\system32\USERENV.dll
0x000007fefcb60000 - 0x000007fefcb6f000 	C:\Windows\system32\CRYPTBASE.dll
0x000007fef9380000 - 0x000007fef9391000 	C:\Windows\system32\dhcpcsvc6.DLL
0x000007fef9360000 - 0x000007fef9378000 	C:\Windows\system32\dhcpcsvc.DLL

VM Arguments:
jvm_args: -agentlib:jdwp=transport=dt_socket,suspend=y,address=localhost:52159 -Dfile.encoding=UTF-8 
java_command: com.easy.cloud.EcEasyCloudModelApplication
java_class_path (initial): C:\Users\THINK\git\easy-cloud\easy-cloud-parent\easy-cloud-core\target\classes;C:\Users\THINK\.m2\repository\org\springframework\boot\spring-boot-starter-jdbc\1.5.8.RELEASE\spring-boot-starter-jdbc-1.5.8.RELEASE.jar;C:\Users\THINK\.m2\repository\org\springframework\boot\spring-boot-starter\1.5.8.RELEASE\spring-boot-starter-1.5.8.RELEASE.jar;C:\Users\THINK\.m2\repository\org\springframework\boot\spring-boot\1.5.8.RELEASE\spring-boot-1.5.8.RELEASE.jar;C:\Users\THINK\.m2\repository\org\springframework\boot\spring-boot-autoconfigure\1.5.8.RELEASE\spring-boot-autoconfigure-1.5.8.RELEASE.jar;C:\Users\THINK\.m2\repository\org\springframework\boot\spring-boot-starter-logging\1.5.8.RELEASE\spring-boot-starter-logging-1.5.8.RELEASE.jar;C:\Users\THINK\.m2\repository\ch\qos\logback\logback-classic\1.1.11\logback-classic-1.1.11.jar;C:\Users\THINK\.m2\repository\ch\qos\logback\logback-core\1.1.11\logback-core-1.1.11.jar;C:\Users\THINK\.m2\repository\org\slf4j\jul-to-slf4j\1.7.25\jul-to-slf4j-1.7.25.jar;C:\Users\THINK\.m2\repository\org\slf4j\log4j-over-slf4j\1.7.25\log4j-over-slf4j-1.7.25.jar;C:\Users\THINK\.m2\repository\org\yaml\snakeyaml\1.17\snakeyaml-1.17.jar;C:\Users\THINK\.m2\repository\org\apache\tomcat\tomcat-jdbc\8.5.23\tomcat-jdbc-8.5.23.jar;C:\Users\THINK\.m2\repository\org\apache\tomcat\tomcat-juli\8.5.23\tomcat-juli-8.5.23.jar;C:\Users\THINK\.m2\repository\org\springframework\spring-jdbc\4.3.12.RELEASE\spring-jdbc-4.3.12.RELEASE.jar;C:\Users\THINK\.m2\repository\org\springframework\spring-beans\4.3.12.RELEASE\spring-beans-4.3.12.RELEASE.jar;C:\Users\THINK\.m2\repository\org\springframework\spring-tx\4.3.12.RELEASE\spring-tx-4.3.12.RELEASE.jar;C:\Users\THINK\.m2\repository\org\springframework\boot\spring-boot-starter-data-jpa\1.5.8.RELEASE\spring-boot-starter-data-jpa-1.5.8.RELEASE.jar;C:\Users\THINK\.m2\repository\org\hibernate\hibernate-core\5.0.12.Final\hibernate-core-5.0.12.Final.jar;C:\Users\THINK\.m2\repository\org\jboss\logging\jbo
Launcher Type: SUN_STANDARD

Environment Variables:
JAVA_HOME=D:\Program Files\Java\jdk1.7.0_25
PATH=D:\Program Files\Java\jdk1.8.0_161\jre\bin;D:/Program Files/Java/jdk1.7.0_25/bin/../jre/bin/server;D:/Program Files/Java/jdk1.7.0_25/bin/../jre/bin;D:/Program Files/Java/jdk1.7.0_25/bin/../jre/lib/amd64;E:\Program Files (x86)\360\360DeskTop;C:\Program Files (x86)\Common Files\NetSarang;D:\Program Files\Java\jdk1.7.0_25\bin;D:\Program Files\apache-maven-3.5.0\bin;C:\Windows\system32;C:\Windows;C:\Windows\System32\Wbem;C:\Windows\System32\WindowsPowerShell\v1.0\;C:\Program Files\TortoiseGit\bin;d:\Program Files\Git\cmd;D:\开发工具\spring-tool-suite-3.7.0.RELEASE-e4.5-win32-x86_64\sts-bundle\sts-3.7.0.RELEASE;
USERNAME=THINK
OS=Windows_NT
PROCESSOR_IDENTIFIER=Intel64 Family 6 Model 60 Stepping 3, GenuineIntel



---------------  S Y S T E M  ---------------

OS: Windows 7 , 64 bit Build 7601 (6.1.7601.23807)

CPU:total 4 (initial active 4) (4 cores per cpu, 1 threads per core) family 6 model 60 stepping 3, cmov, cx8, fxsr, mmx, sse, sse2, sse3, ssse3, sse4.1, sse4.2, popcnt, avx, avx2, aes, clmul, erms, lzcnt, tsc, tscinvbit, bmi1, bmi2

Memory: 4k page, physical 16728616k(4051828k free), swap 20921060k(4820k free)

vm_info: Java HotSpot(TM) 64-Bit Server VM (25.161-b12) for windows-amd64 JRE (1.8.0_161-b12), built on Dec 19 2017 17:52:25 by "java_re" with MS VC++ 10.0 (VS2010)

time: Fri Apr 13 17:23:07 2018
elapsed time: 10 seconds (0d 0h 0m 10s)

