#
# A fatal error has been detected by the Java Runtime Environment:
#
#  EXCEPTION_ACCESS_VIOLATION (0xc0000005) at pc=0x0000000066af7c7a, pid=10256, tid=10832
#
# JRE version: 7.0_25-b17
# Java VM: Java HotSpot(TM) 64-Bit Server VM (23.25-b01 mixed mode windows-amd64 compressed oops)
# Problematic frame:
# V  [jvm.dll+0xf7c7a]
#
# Failed to write core dump. Minidumps are not enabled by default on client versions of Windows
#
# If you would like to submit a bug report, please visit:
#   http://bugreport.sun.com/bugreport/crash.jsp
#

---------------  T H R E A D  ---------------

Current thread (0x0000000014edb000):  JavaThread "http-nio-8400-exec-4" daemon [_thread_in_vm, id=10832, stack(0x000000001b4b0000,0x000000001b5b0000)]

siginfo: ExceptionCode=0xc0000005, reading address 0x0000000000000000

Registers:
RAX=0x000000000237ffb0, RBX=0x000000000233c560, RCX=0x00000000000029b6, RDX=0x000000000237ffb0
RSP=0x000000001b5a7b00, RBP=0x00000000673b066c, RSI=0x0000000000000000, RDI=0x000000000237ffb0
R8 =0x0000000000000003, R9 =0x0000000065030658, R10=0x000000000237ffb0, R11=0x0000000000009b75
R12=0x00000000673b0608, R13=0x00000007009d5288, R14=0x0000000000000000, R15=0x0000000014edb000
RIP=0x0000000066af7c7a, EFLAGS=0x0000000000010202

Top of Stack: (sp=0x000000001b5a7b00)
0x000000001b5a7b00:   000000000233c560 0000000000000000
0x000000001b5a7b10:   0000000000000000 0000000000000001
0x000000001b5a7b20:   00000000673b066c 00000000673b05d0
0x000000001b5a7b30:   0000000000009b75 0000000066bf6895
0x000000001b5a7b40:   000000001b5a7c80 00000000673b0660
0x000000001b5a7b50:   00000000673b0608 00000000673b066c
0x000000001b5a7b60:   0000000000000000 0000000066af7f0e
0x000000001b5a7b70:   0000000014edb000 000000006c5e0272
0x000000001b5a7b80:   0000000014edb000 0000000015787e20
0x000000001b5a7b90:   0000000014edb000 0000000000000000
0x000000001b5a7ba0:   0000000014edb000 0000000015787e20
0x000000001b5a7bb0:   000000000000063d 0000000066f0c0a0
0x000000001b5a7bc0:   0000000014edb1d8 0000000067392571
0x000000001b5a7bd0:   00000000673b066c 000000001b5a7c68
0x000000001b5a7be0:   0000000014edb000 000000001b5a7c68
0x000000001b5a7bf0:   0000000000000000 0000000002828c61 

Instructions: (pc=0x0000000066af7c7a)
0x0000000066af7c5a:   8d 51 ff 49 8b cc e8 ab a4 f4 ff 48 8b f8 48 85
0x0000000066af7c6a:   db 0f 84 86 01 00 00 48 85 c0 0f 84 7d 01 00 00
0x0000000066af7c7a:   48 8b 0e e8 6e dd f3 ff 84 c0 74 3d 4c 8b 0d 43
0x0000000066af7c8a:   e9 58 00 48 8b 8c 24 90 00 00 00 48 8d 15 04 44 


Register to memory mapping:

RAX=0x000000000237ffb0 is an unknown value
RBX=0x000000000233c560 is an unknown value
RCX=0x00000000000029b6 is an unknown value
RDX=0x000000000237ffb0 is an unknown value
RSP=0x000000001b5a7b00 is pointing into the stack for thread: 0x0000000014edb000
RBP=0x00000000673b066c is an unknown value
RSI=0x0000000000000000 is an unknown value
RDI=0x000000000237ffb0 is an unknown value
R8 =0x0000000000000003 is an unknown value
R9 =0x0000000065030658 is an unknown value
R10=0x000000000237ffb0 is an unknown value
R11=0x0000000000009b75 is an unknown value
R12=0x00000000673b0608 is an unknown value
R13=0x00000007009d5288 is an oop
{constMethod} 
 - klass: {other class}
 - method:       0x00000007009d5438 {method} '<init>' '()V' in 'sun/font/SunFontManager'
 - exceptions:   0x00000006fb801d50
R14=0x0000000000000000 is an unknown value
R15=0x0000000014edb000 is a thread


Stack: [0x000000001b4b0000,0x000000001b5b0000],  sp=0x000000001b5a7b00,  free space=990k
Native frames: (J=compiled Java code, j=interpreted, Vv=VM code, C=native code)
V  [jvm.dll+0xf7c7a]

Java frames: (J=compiled Java code, j=interpreted, Vv=VM code)
j  sun.font.SunFontManager.initIDs()V+0
j  sun.font.SunFontManager.access$200()V+0
j  sun.font.SunFontManager$1.run()Ljava/lang/Object;+3
v  ~StubRoutines::call_stub
J  java.security.AccessController.doPrivileged(Ljava/security/PrivilegedAction;)Ljava/lang/Object;
j  sun.font.SunFontManager.<clinit>()V+40
v  ~StubRoutines::call_stub
J  java.lang.Class.forName0(Ljava/lang/String;ZLjava/lang/ClassLoader;)Ljava/lang/Class;
J  java.lang.Class.forName(Ljava/lang/String;ZLjava/lang/ClassLoader;)Ljava/lang/Class;
j  sun.font.FontManagerFactory$1.run()Ljava/lang/Object;+16
v  ~StubRoutines::call_stub
J  java.security.AccessController.doPrivileged(Ljava/security/PrivilegedAction;)Ljava/lang/Object;
j  sun.font.FontManagerFactory.getInstance()Lsun/font/FontManager;+17
j  java.awt.Font.getFont2D()Lsun/font/Font2D;+0
j  java.awt.Font.access$000(Ljava/awt/Font;)Lsun/font/Font2D;+1
j  java.awt.Font$FontAccessImpl.getFont2D(Ljava/awt/Font;)Lsun/font/Font2D;+1
j  sun.font.FontUtilities.getFont2D(Ljava/awt/Font;)Lsun/font/Font2D;+4
j  sun.java2d.SunGraphics2D.checkFontInfo(Lsun/java2d/loops/FontInfo;Ljava/awt/Font;Ljava/awt/font/FontRenderContext;)Lsun/java2d/loops/FontInfo;+504
j  sun.java2d.SunGraphics2D.getFontInfo()Lsun/java2d/loops/FontInfo;+18
j  com.alibaba.fastjson.serializer.ASMSerializer_13_SunGraphics2D.write(Lcom/alibaba/fastjson/serializer/JSONSerializer;Ljava/lang/Object;Ljava/lang/Object;Ljava/lang/reflect/Type;I)V+3672
j  com.alibaba.fastjson.serializer.JSONSerializer.writeWithFieldName(Ljava/lang/Object;Ljava/lang/Object;Ljava/lang/reflect/Type;I)V+34
j  com.alibaba.fastjson.serializer.ASMSerializer_7_BufferedImage.write(Lcom/alibaba/fastjson/serializer/JSONSerializer;Ljava/lang/Object;Ljava/lang/Object;Ljava/lang/reflect/Type;I)V+904
j  com.alibaba.fastjson.serializer.JSONSerializer.write(Ljava/lang/Object;)V+29
j  com.alibaba.fastjson.JSON.toJSONString(Ljava/lang/Object;Lcom/alibaba/fastjson/serializer/SerializeConfig;[Lcom/alibaba/fastjson/serializer/SerializeFilter;Ljava/lang/String;I[Lcom/alibaba/fastjson/serializer/SerializerFeature;)Ljava/lang/String;+97
j  com.alibaba.fastjson.JSON.toJSONString(Ljava/lang/Object;[Lcom/alibaba/fastjson/serializer/SerializeFilter;[Lcom/alibaba/fastjson/serializer/SerializerFeature;)Ljava/lang/String;+10
j  com.alibaba.fastjson.JSON.toJSONString(Ljava/lang/Object;)Ljava/lang/String;+8
j  com.dq.easy.cloud.model.common.json.utils.DqJSONUtils.parseObject(Ljava/lang/Object;Ljava/lang/Class;)Ljava/lang/Object;+22
j  com.dq.easy.cloud.model.common.log.utils.DqLogUtils.info(Ljava/lang/String;Ljava/lang/Object;Lorg/slf4j/Logger;Z)V+47
j  com.dq.easy.cloud.model.common.log.utils.DqLogUtils.logByLogLevel(Ljava/lang/Integer;Ljava/lang/String;Ljava/lang/Object;Lorg/slf4j/Logger;Z)V+30
j  com.dq.easy.cloud.model.common.log.entruster.DqLogAbstractEntruster.log(Ljava/lang/String;Ljava/lang/Object;)V+14
j  com.dq.easy.cloud.model.common.log.entruster.DqLogAbstractEntruster.logTemplate()V+101
j  com.dq.easy.cloud.model.common.log.entruster.impl.DqLogBaseEntruster.doLogConsole()V+1
j  com.dq.easy.cloud.model.common.log.entruster.DqLogAbstractEntruster.doLogHandle()V+21
j  com.dq.easy.cloud.model.common.log.entruster.DqLogAbstractEntruster.handle(Lcom/dq/easy/cloud/model/common/log/pojo/bo/DqLogBO;)V+20
j  com.dq.easy.cloud.model.common.log.aspect.DqLogAspect.doLogLogic(Lorg/aspectj/lang/ProceedingJoinPoint;)Ljava/lang/Object;+177
j  com.dq.easy.cloud.model.common.log.aspect.DqLogAspect.dqLogAround(Lorg/aspectj/lang/ProceedingJoinPoint;)Ljava/lang/Object;+2
v  ~StubRoutines::call_stub
j  sun.reflect.NativeMethodAccessorImpl.invoke0(Ljava/lang/reflect/Method;Ljava/lang/Object;[Ljava/lang/Object;)Ljava/lang/Object;+0
j  sun.reflect.NativeMethodAccessorImpl.invoke(Ljava/lang/Object;[Ljava/lang/Object;)Ljava/lang/Object;+87
J  java.lang.reflect.Method.invoke(Ljava/lang/Object;[Ljava/lang/Object;)Ljava/lang/Object;
j  org.springframework.aop.aspectj.AbstractAspectJAdvice.invokeAdviceMethodWithGivenArgs([Ljava/lang/Object;)Ljava/lang/Object;+36
j  org.springframework.aop.aspectj.AbstractAspectJAdvice.invokeAdviceMethod(Lorg/aspectj/lang/JoinPoint;Lorg/aspectj/weaver/tools/JoinPointMatch;Ljava/lang/Object;Ljava/lang/Throwable;)Ljava/lang/Object;+10
j  org.springframework.aop.aspectj.AspectJAroundAdvice.invoke(Lorg/aopalliance/intercept/MethodInvocation;)Ljava/lang/Object;+58
j  org.springframework.aop.framework.ReflectiveMethodInvocation.proceed()Ljava/lang/Object;+85
j  org.springframework.aop.interceptor.ExposeInvocationInterceptor.invoke(Lorg/aopalliance/intercept/MethodInvocation;)Ljava/lang/Object;+18
j  org.springframework.aop.framework.ReflectiveMethodInvocation.proceed()Ljava/lang/Object;+101
j  org.springframework.aop.framework.CglibAopProxy$DynamicAdvisedInterceptor.intercept(Ljava/lang/Object;Ljava/lang/reflect/Method;[Ljava/lang/Object;Lorg/springframework/cglib/proxy/MethodProxy;)Ljava/lang/Object;+120
j  com.dq.easy.cloud.pay.wx.service.DqWxPayService$$EnhancerBySpringCGLIB$$14ebf718.generatePayQrCode(Lcom/dq/easy/cloud/pay/model/payment/pojo/dto/DqPayOrderDTO;)Ljava/awt/image/BufferedImage;+36
j  com.dq.easy.cloud.pay.model.payment.logic.DqPayLogicAbstract.generatePayQrCode(Lcom/dq/easy/cloud/pay/model/payment/pojo/dto/DqPayOrderDTO;Lcom/dq/easy/cloud/pay/model/transaction/inf/DqTransactionType;)[B+22
j  com.dq.easy.cloud.pay.model.payment.logic.DqPayLogicAbstract$$FastClassBySpringCGLIB$$de093139.invoke(ILjava/lang/Object;[Ljava/lang/Object;)Ljava/lang/Object;+148
j  org.springframework.cglib.proxy.MethodProxy.invoke(Ljava/lang/Object;[Ljava/lang/Object;)Ljava/lang/Object;+19
j  org.springframework.aop.framework.CglibAopProxy$CglibMethodInvocation.invokeJoinpoint()Ljava/lang/Object;+19
j  org.springframework.aop.framework.ReflectiveMethodInvocation.proceed()Ljava/lang/Object;+19
j  org.springframework.aop.aspectj.MethodInvocationProceedingJoinPoint.proceed()Ljava/lang/Object;+9
j  com.dq.easy.cloud.model.common.log.aspect.DqLogAspect.doLogLogic(Lorg/aspectj/lang/ProceedingJoinPoint;)Ljava/lang/Object;+8
j  com.dq.easy.cloud.model.common.log.aspect.DqLogAspect.dqLogAround(Lorg/aspectj/lang/ProceedingJoinPoint;)Ljava/lang/Object;+2
v  ~StubRoutines::call_stub
j  sun.reflect.NativeMethodAccessorImpl.invoke0(Ljava/lang/reflect/Method;Ljava/lang/Object;[Ljava/lang/Object;)Ljava/lang/Object;+0
j  sun.reflect.NativeMethodAccessorImpl.invoke(Ljava/lang/Object;[Ljava/lang/Object;)Ljava/lang/Object;+87
J  java.lang.reflect.Method.invoke(Ljava/lang/Object;[Ljava/lang/Object;)Ljava/lang/Object;
j  org.springframework.aop.aspectj.AbstractAspectJAdvice.invokeAdviceMethodWithGivenArgs([Ljava/lang/Object;)Ljava/lang/Object;+36
j  org.springframework.aop.aspectj.AbstractAspectJAdvice.invokeAdviceMethod(Lorg/aspectj/lang/JoinPoint;Lorg/aspectj/weaver/tools/JoinPointMatch;Ljava/lang/Object;Ljava/lang/Throwable;)Ljava/lang/Object;+10
j  org.springframework.aop.aspectj.AspectJAroundAdvice.invoke(Lorg/aopalliance/intercept/MethodInvocation;)Ljava/lang/Object;+58
j  org.springframework.aop.framework.ReflectiveMethodInvocation.proceed()Ljava/lang/Object;+85
j  org.springframework.aop.interceptor.ExposeInvocationInterceptor.invoke(Lorg/aopalliance/intercept/MethodInvocation;)Ljava/lang/Object;+18
j  org.springframework.aop.framework.ReflectiveMethodInvocation.proceed()Ljava/lang/Object;+101
j  org.springframework.aop.framework.CglibAopProxy$DynamicAdvisedInterceptor.intercept(Ljava/lang/Object;Ljava/lang/reflect/Method;[Ljava/lang/Object;Lorg/springframework/cglib/proxy/MethodProxy;)Ljava/lang/Object;+120
j  com.dq.easy.cloud.pay.wx.logic.DqWxPayLogic$$EnhancerBySpringCGLIB$$f8b10738.generatePayQrCode(Lcom/dq/easy/cloud/pay/model/payment/pojo/dto/DqPayOrderDTO;Lcom/dq/easy/cloud/pay/model/transaction/inf/DqTransactionType;)[B+40
j  com.dq.easy.cloud.pay.wx.controller.DqWxPayController.generatePayQrCode(Lcom/dq/easy/cloud/pay/model/payment/pojo/dto/DqPayOrderDTO;)[B+8
j  com.dq.easy.cloud.pay.wx.controller.DqWxPayController$$FastClassBySpringCGLIB$$4c13179a.invoke(ILjava/lang/Object;[Ljava/lang/Object;)Ljava/lang/Object;+118
j  org.springframework.cglib.proxy.MethodProxy.invoke(Ljava/lang/Object;[Ljava/lang/Object;)Ljava/lang/Object;+19
j  org.springframework.aop.framework.CglibAopProxy$CglibMethodInvocation.invokeJoinpoint()Ljava/lang/Object;+19
j  org.springframework.aop.framework.ReflectiveMethodInvocation.proceed()Ljava/lang/Object;+19
j  org.springframework.aop.aspectj.MethodInvocationProceedingJoinPoint.proceed()Ljava/lang/Object;+9
j  com.dq.easy.cloud.model.common.log.aspect.DqLogAspect.doLogLogic(Lorg/aspectj/lang/ProceedingJoinPoint;)Ljava/lang/Object;+8
j  com.dq.easy.cloud.model.common.log.aspect.DqLogAspect.dqLogAround(Lorg/aspectj/lang/ProceedingJoinPoint;)Ljava/lang/Object;+2
v  ~StubRoutines::call_stub
j  sun.reflect.NativeMethodAccessorImpl.invoke0(Ljava/lang/reflect/Method;Ljava/lang/Object;[Ljava/lang/Object;)Ljava/lang/Object;+0
j  sun.reflect.NativeMethodAccessorImpl.invoke(Ljava/lang/Object;[Ljava/lang/Object;)Ljava/lang/Object;+87
J  java.lang.reflect.Method.invoke(Ljava/lang/Object;[Ljava/lang/Object;)Ljava/lang/Object;
j  org.springframework.aop.aspectj.AbstractAspectJAdvice.invokeAdviceMethodWithGivenArgs([Ljava/lang/Object;)Ljava/lang/Object;+36
j  org.springframework.aop.aspectj.AbstractAspectJAdvice.invokeAdviceMethod(Lorg/aspectj/lang/JoinPoint;Lorg/aspectj/weaver/tools/JoinPointMatch;Ljava/lang/Object;Ljava/lang/Throwable;)Ljava/lang/Object;+10
j  org.springframework.aop.aspectj.AspectJAroundAdvice.invoke(Lorg/aopalliance/intercept/MethodInvocation;)Ljava/lang/Object;+58
j  org.springframework.aop.framework.ReflectiveMethodInvocation.proceed()Ljava/lang/Object;+85
j  org.springframework.aop.interceptor.ExposeInvocationInterceptor.invoke(Lorg/aopalliance/intercept/MethodInvocation;)Ljava/lang/Object;+18
j  org.springframework.aop.framework.ReflectiveMethodInvocation.proceed()Ljava/lang/Object;+101
j  org.springframework.aop.framework.CglibAopProxy$DynamicAdvisedInterceptor.intercept(Ljava/lang/Object;Ljava/lang/reflect/Method;[Ljava/lang/Object;Lorg/springframework/cglib/proxy/MethodProxy;)Ljava/lang/Object;+120
j  com.dq.easy.cloud.pay.wx.controller.DqWxPayController$$EnhancerBySpringCGLIB$$415afae8.generatePayQrCode(Lcom/dq/easy/cloud/pay/model/payment/pojo/dto/DqPayOrderDTO;)[B+36
v  ~StubRoutines::call_stub
j  sun.reflect.NativeMethodAccessorImpl.invoke0(Ljava/lang/reflect/Method;Ljava/lang/Object;[Ljava/lang/Object;)Ljava/lang/Object;+0
j  sun.reflect.NativeMethodAccessorImpl.invoke(Ljava/lang/Object;[Ljava/lang/Object;)Ljava/lang/Object;+87
J  java.lang.reflect.Method.invoke(Ljava/lang/Object;[Ljava/lang/Object;)Ljava/lang/Object;
j  org.springframework.web.method.support.InvocableHandlerMethod.doInvoke([Ljava/lang/Object;)Ljava/lang/Object;+16
j  org.springframework.web.method.support.InvocableHandlerMethod.invokeForRequest(Lorg/springframework/web/context/request/NativeWebRequest;Lorg/springframework/web/method/support/ModelAndViewContainer;[Ljava/lang/Object;)Ljava/lang/Object;+75
j  org.springframework.web.servlet.mvc.method.annotation.ServletInvocableHandlerMethod.invokeAndHandle(Lorg/springframework/web/context/request/ServletWebRequest;Lorg/springframework/web/method/support/ModelAndViewContainer;[Ljava/lang/Object;)V+4
j  org.springframework.web.servlet.mvc.method.annotation.RequestMappingHandlerAdapter.invokeHandlerMethod(Ljavax/servlet/http/HttpServletRequest;Ljavax/servlet/http/HttpServletResponse;Lorg/springframework/web/method/HandlerMethod;)Lorg/springframework/web/servlet/ModelAndView;+262
j  org.springframework.web.servlet.mvc.method.annotation.RequestMappingHandlerAdapter.handleInternal(Ljavax/servlet/http/HttpServletRequest;Ljavax/servlet/http/HttpServletResponse;Lorg/springframework/web/method/HandlerMethod;)Lorg/springframework/web/servlet/ModelAndView;+81
j  org.springframework.web.servlet.mvc.method.AbstractHandlerMethodAdapter.handle(Ljavax/servlet/http/HttpServletRequest;Ljavax/servlet/http/HttpServletResponse;Ljava/lang/Object;)Lorg/springframework/web/servlet/ModelAndView;+7
j  org.springframework.web.servlet.DispatcherServlet.doDispatch(Ljavax/servlet/http/HttpServletRequest;Ljavax/servlet/http/HttpServletResponse;)V+318
j  org.springframework.web.servlet.DispatcherServlet.doService(Ljavax/servlet/http/HttpServletRequest;Ljavax/servlet/http/HttpServletResponse;)V+301
j  org.springframework.web.servlet.FrameworkServlet.processRequest(Ljavax/servlet/http/HttpServletRequest;Ljavax/servlet/http/HttpServletResponse;)V+71
j  org.springframework.web.servlet.FrameworkServlet.doGet(Ljavax/servlet/http/HttpServletRequest;Ljavax/servlet/http/HttpServletResponse;)V+3
j  javax.servlet.http.HttpServlet.service(Ljavax/servlet/http/HttpServletRequest;Ljavax/servlet/http/HttpServletResponse;)V+35
j  org.springframework.web.servlet.FrameworkServlet.service(Ljavax/servlet/http/HttpServletRequest;Ljavax/servlet/http/HttpServletResponse;)V+33
j  javax.servlet.http.HttpServlet.service(Ljavax/servlet/ServletRequest;Ljavax/servlet/ServletResponse;)V+30
j  org.apache.catalina.core.ApplicationFilterChain.internalDoFilter(Ljavax/servlet/ServletRequest;Ljavax/servlet/ServletResponse;)V+304
j  org.apache.catalina.core.ApplicationFilterChain.doFilter(Ljavax/servlet/ServletRequest;Ljavax/servlet/ServletResponse;)V+101
j  org.apache.tomcat.websocket.server.WsFilter.doFilter(Ljavax/servlet/ServletRequest;Ljavax/servlet/ServletResponse;Ljavax/servlet/FilterChain;)V+21
j  org.apache.catalina.core.ApplicationFilterChain.internalDoFilter(Ljavax/servlet/ServletRequest;Ljavax/servlet/ServletResponse;)V+135
j  org.apache.catalina.core.ApplicationFilterChain.doFilter(Ljavax/servlet/ServletRequest;Ljavax/servlet/ServletResponse;)V+101
j  org.springframework.boot.web.filter.ApplicationContextHeaderFilter.doFilterInternal(Ljavax/servlet/http/HttpServletRequest;Ljavax/servlet/http/HttpServletResponse;Ljavax/servlet/FilterChain;)V+20
j  org.springframework.web.filter.OncePerRequestFilter.doFilter(Ljavax/servlet/ServletRequest;Ljavax/servlet/ServletResponse;Ljavax/servlet/FilterChain;)V+111
j  org.apache.catalina.core.ApplicationFilterChain.internalDoFilter(Ljavax/servlet/ServletRequest;Ljavax/servlet/ServletResponse;)V+135
j  org.apache.catalina.core.ApplicationFilterChain.doFilter(Ljavax/servlet/ServletRequest;Ljavax/servlet/ServletResponse;)V+101
j  org.springframework.boot.actuate.trace.WebRequestTraceFilter.doFilterInternal(Ljavax/servlet/http/HttpServletRequest;Ljavax/servlet/http/HttpServletResponse;Ljavax/servlet/FilterChain;)V+30
j  org.springframework.web.filter.OncePerRequestFilter.doFilter(Ljavax/servlet/ServletRequest;Ljavax/servlet/ServletResponse;Ljavax/servlet/FilterChain;)V+111
j  org.apache.catalina.core.ApplicationFilterChain.internalDoFilter(Ljavax/servlet/ServletRequest;Ljavax/servlet/ServletResponse;)V+135
j  org.apache.catalina.core.ApplicationFilterChain.doFilter(Ljavax/servlet/ServletRequest;Ljavax/servlet/ServletResponse;)V+101
j  org.springframework.web.filter.RequestContextFilter.doFilterInternal(Ljavax/servlet/http/HttpServletRequest;Ljavax/servlet/http/HttpServletResponse;Ljavax/servlet/FilterChain;)V+21
j  org.springframework.web.filter.OncePerRequestFilter.doFilter(Ljavax/servlet/ServletRequest;Ljavax/servlet/ServletResponse;Ljavax/servlet/FilterChain;)V+111
j  org.apache.catalina.core.ApplicationFilterChain.internalDoFilter(Ljavax/servlet/ServletRequest;Ljavax/servlet/ServletResponse;)V+135
j  org.apache.catalina.core.ApplicationFilterChain.doFilter(Ljavax/servlet/ServletRequest;Ljavax/servlet/ServletResponse;)V+101
j  org.springframework.web.filter.HttpPutFormContentFilter.doFilterInternal(Ljavax/servlet/http/HttpServletRequest;Ljavax/servlet/http/HttpServletResponse;Ljavax/servlet/FilterChain;)V+95
j  org.springframework.web.filter.OncePerRequestFilter.doFilter(Ljavax/servlet/ServletRequest;Ljavax/servlet/ServletResponse;Ljavax/servlet/FilterChain;)V+111
j  org.apache.catalina.core.ApplicationFilterChain.internalDoFilter(Ljavax/servlet/ServletRequest;Ljavax/servlet/ServletResponse;)V+135
j  org.apache.catalina.core.ApplicationFilterChain.doFilter(Ljavax/servlet/ServletRequest;Ljavax/servlet/ServletResponse;)V+101
j  org.springframework.web.filter.HiddenHttpMethodFilter.doFilterInternal(Ljavax/servlet/http/HttpServletRequest;Ljavax/servlet/http/HttpServletResponse;Ljavax/servlet/FilterChain;)V+64
j  org.springframework.web.filter.OncePerRequestFilter.doFilter(Ljavax/servlet/ServletRequest;Ljavax/servlet/ServletResponse;Ljavax/servlet/FilterChain;)V+111
j  org.apache.catalina.core.ApplicationFilterChain.internalDoFilter(Ljavax/servlet/ServletRequest;Ljavax/servlet/ServletResponse;)V+135
j  org.apache.catalina.core.ApplicationFilterChain.doFilter(Ljavax/servlet/ServletRequest;Ljavax/servlet/ServletResponse;)V+101
j  org.springframework.web.filter.CharacterEncodingFilter.doFilterInternal(Ljavax/servlet/http/HttpServletRequest;Ljavax/servlet/http/HttpServletResponse;Ljavax/servlet/FilterChain;)V+53
j  org.springframework.web.filter.OncePerRequestFilter.doFilter(Ljavax/servlet/ServletRequest;Ljavax/servlet/ServletResponse;Ljavax/servlet/FilterChain;)V+111
j  org.apache.catalina.core.ApplicationFilterChain.internalDoFilter(Ljavax/servlet/ServletRequest;Ljavax/servlet/ServletResponse;)V+135
j  org.apache.catalina.core.ApplicationFilterChain.doFilter(Ljavax/servlet/ServletRequest;Ljavax/servlet/ServletResponse;)V+101
j  org.springframework.boot.actuate.autoconfigure.MetricsFilter.doFilterInternal(Ljavax/servlet/http/HttpServletRequest;Ljavax/servlet/http/HttpServletResponse;Ljavax/servlet/FilterChain;)V+31
j  org.springframework.web.filter.OncePerRequestFilter.doFilter(Ljavax/servlet/ServletRequest;Ljavax/servlet/ServletResponse;Ljavax/servlet/FilterChain;)V+111
j  org.apache.catalina.core.ApplicationFilterChain.internalDoFilter(Ljavax/servlet/ServletRequest;Ljavax/servlet/ServletResponse;)V+135
j  org.apache.catalina.core.ApplicationFilterChain.doFilter(Ljavax/servlet/ServletRequest;Ljavax/servlet/ServletResponse;)V+101
j  org.apache.catalina.core.StandardWrapperValve.invoke(Lorg/apache/catalina/connector/Request;Lorg/apache/catalina/connector/Response;)V+688
j  org.apache.catalina.core.StandardContextValve.invoke(Lorg/apache/catalina/connector/Request;Lorg/apache/catalina/connector/Response;)V+166
j  org.apache.catalina.authenticator.AuthenticatorBase.invoke(Lorg/apache/catalina/connector/Request;Lorg/apache/catalina/connector/Response;)V+272
j  org.apache.catalina.core.StandardHostValve.invoke(Lorg/apache/catalina/connector/Request;Lorg/apache/catalina/connector/Response;)V+138
j  org.apache.catalina.valves.ErrorReportValve.invoke(Lorg/apache/catalina/connector/Request;Lorg/apache/catalina/connector/Response;)V+6
j  org.apache.catalina.core.StandardEngineValve.invoke(Lorg/apache/catalina/connector/Request;Lorg/apache/catalina/connector/Response;)V+71
j  org.apache.catalina.connector.CoyoteAdapter.service(Lorg/apache/coyote/Request;Lorg/apache/coyote/Response;)V+199
j  org.apache.coyote.http11.Http11Processor.service(Lorg/apache/tomcat/util/net/SocketWrapperBase;)Lorg/apache/tomcat/util/net/AbstractEndpoint$Handler$SocketState;+806
j  org.apache.coyote.AbstractProcessorLight.process(Lorg/apache/tomcat/util/net/SocketWrapperBase;Lorg/apache/tomcat/util/net/SocketEvent;)Lorg/apache/tomcat/util/net/AbstractEndpoint$Handler$SocketState;+113
j  org.apache.coyote.AbstractProtocol$ConnectionHandler.process(Lorg/apache/tomcat/util/net/SocketWrapperBase;Lorg/apache/tomcat/util/net/SocketEvent;)Lorg/apache/tomcat/util/net/AbstractEndpoint$Handler$SocketState;+378
j  org.apache.tomcat.util.net.NioEndpoint$SocketProcessor.doRun()V+191
j  org.apache.tomcat.util.net.SocketProcessorBase.run()V+21
j  java.util.concurrent.ThreadPoolExecutor.runWorker(Ljava/util/concurrent/ThreadPoolExecutor$Worker;)V+95
j  java.util.concurrent.ThreadPoolExecutor$Worker.run()V+5
j  org.apache.tomcat.util.threads.TaskThread$WrappingRunnable.run()V+4
j  java.lang.Thread.run()V+11
v  ~StubRoutines::call_stub

---------------  P R O C E S S  ---------------

Java Threads: ( => current thread )
  0x0000000014ecb800 JavaThread "Java2D Disposer" daemon [_thread_blocked, id=10720, stack(0x000000001bfc0000,0x000000001c0c0000)]
  0x0000000018fdb000 JavaThread "DestroyJavaVM" [_thread_blocked, id=8020, stack(0x0000000002710000,0x0000000002810000)]
  0x0000000018fda800 JavaThread "http-nio-8400-AsyncTimeout" daemon [_thread_blocked, id=4920, stack(0x0000000017f00000,0x0000000018000000)]
  0x0000000018fd9800 JavaThread "http-nio-8400-Acceptor-0" daemon [_thread_in_native, id=11100, stack(0x000000001c2d0000,0x000000001c3d0000)]
  0x0000000018fd9000 JavaThread "http-nio-8400-ClientPoller-1" daemon [_thread_in_native, id=7624, stack(0x000000001c110000,0x000000001c210000)]
  0x0000000018fd8000 JavaThread "http-nio-8400-ClientPoller-0" daemon [_thread_in_native, id=8040, stack(0x000000001bea0000,0x000000001bfa0000)]
  0x0000000014edf800 JavaThread "http-nio-8400-exec-10" daemon [_thread_blocked, id=10296, stack(0x000000001bd70000,0x000000001be70000)]
  0x0000000014ede800 JavaThread "http-nio-8400-exec-9" daemon [_thread_blocked, id=4588, stack(0x000000001bba0000,0x000000001bca0000)]
  0x0000000014ede000 JavaThread "http-nio-8400-exec-8" daemon [_thread_blocked, id=8748, stack(0x000000001b9f0000,0x000000001baf0000)]
  0x0000000014edd000 JavaThread "http-nio-8400-exec-7" daemon [_thread_blocked, id=8672, stack(0x000000001b820000,0x000000001b920000)]
  0x0000000014edc800 JavaThread "http-nio-8400-exec-6" daemon [_thread_blocked, id=8408, stack(0x000000001b710000,0x000000001b810000)]
  0x0000000014edb800 JavaThread "http-nio-8400-exec-5" daemon [_thread_blocked, id=8940, stack(0x000000001b5c0000,0x000000001b6c0000)]
=>0x0000000014edb000 JavaThread "http-nio-8400-exec-4" daemon [_thread_in_vm, id=10832, stack(0x000000001b4b0000,0x000000001b5b0000)]
  0x0000000014eda000 JavaThread "http-nio-8400-exec-3" daemon [_thread_blocked, id=10716, stack(0x000000001b3a0000,0x000000001b4a0000)]
  0x0000000014ed9800 JavaThread "http-nio-8400-exec-2" daemon [_thread_blocked, id=4340, stack(0x000000001b1f0000,0x000000001b2f0000)]
  0x0000000014ed8800 JavaThread "http-nio-8400-exec-1" daemon [_thread_blocked, id=5732, stack(0x000000001afc0000,0x000000001b0c0000)]
  0x0000000015cc7000 JavaThread "NioBlockingSelector.BlockPoller-1" daemon [_thread_in_native, id=7548, stack(0x000000001adb0000,0x000000001aeb0000)]
  0x0000000015cc6000 JavaThread "pool-6-thread-3" [_thread_blocked, id=2340, stack(0x000000001ac40000,0x000000001ad40000)]
  0x0000000015cc5800 JavaThread "springCloudBus.anonymous.J_Wyq46uTB-99browyujUw-1" [_thread_blocked, id=6380, stack(0x000000001aa80000,0x000000001ab80000)]
  0x0000000015cc4800 JavaThread "DiscoveryClient-InstanceInfoReplicator-0" daemon [_thread_blocked, id=11064, stack(0x0000000019480000,0x0000000019580000)]
  0x0000000015cc4000 JavaThread "DiscoveryClient-1" daemon [_thread_blocked, id=4644, stack(0x000000001a930000,0x000000001aa30000)]
  0x0000000015cc3000 JavaThread "DiscoveryClient-0" daemon [_thread_blocked, id=5072, stack(0x0000000017c80000,0x0000000017d80000)]
  0x0000000015cc2800 JavaThread "AsyncResolver-bootstrap-0" daemon [_thread_blocked, id=5812, stack(0x0000000017ab0000,0x0000000017bb0000)]
  0x0000000015cc1800 JavaThread "Eureka-JerseyClient-Conn-Cleaner2" daemon [_thread_blocked, id=2548, stack(0x00000000166c0000,0x00000000167c0000)]
  0x0000000014ec9800 JavaThread "Eureka-JerseyClient-Conn-Cleaner2" daemon [_thread_blocked, id=8392, stack(0x00000000138c0000,0x00000000139c0000)]
  0x0000000014ec8800 JavaThread "pool-6-thread-2" [_thread_blocked, id=10084, stack(0x0000000016930000,0x0000000016a30000)]
  0x0000000014ecb000 JavaThread "AMQP Connection 120.25.126.231:5672" [_thread_in_native, id=8396, stack(0x0000000016500000,0x0000000016600000)]
  0x0000000015cc1000 JavaThread "commons-pool-EvictionTimer" daemon [_thread_blocked, id=5224, stack(0x0000000019790000,0x0000000019890000)]
  0x0000000014ecf800 JavaThread "Druid-ConnectionPool-Destroy-357041703" daemon [_thread_blocked, id=3964, stack(0x00000000195f0000,0x00000000196f0000)]
  0x0000000014ece800 JavaThread "Druid-ConnectionPool-Create-357041703" daemon [_thread_blocked, id=4276, stack(0x0000000019330000,0x0000000019430000)]
  0x0000000014ece000 JavaThread "Abandoned connection cleanup thread" daemon [_thread_blocked, id=10864, stack(0x00000000191c0000,0x00000000192c0000)]
  0x0000000014ecd000 JavaThread "container-0" [_thread_blocked, id=9228, stack(0x0000000019090000,0x0000000019190000)]
  0x0000000014ecc800 JavaThread "ContainerBackgroundProcessor[StandardEngine[Tomcat]]" daemon [_thread_blocked, id=4856, stack(0x0000000017e00000,0x0000000017f00000)]
  0x0000000014fc8800 JavaThread "spring.cloud.inetutils" daemon [_thread_blocked, id=2732, stack(0x0000000015420000,0x0000000015520000)]
  0x000000001130a000 JavaThread "Service Thread" daemon [_thread_blocked, id=10908, stack(0x00000000130d0000,0x00000000131d0000)]
  0x0000000011309000 JavaThread "C2 CompilerThread1" daemon [_thread_blocked, id=9020, stack(0x00000000133c0000,0x00000000134c0000)]
  0x00000000112ff800 JavaThread "C2 CompilerThread0" daemon [_thread_blocked, id=7640, stack(0x0000000013210000,0x0000000013310000)]
  0x00000000112f0000 JavaThread "JDWP Command Reader" daemon [_thread_in_native, id=1964, stack(0x0000000012bb0000,0x0000000012cb0000)]
  0x00000000112ee800 JavaThread "JDWP Event Helper Thread" daemon [_thread_blocked, id=6136, stack(0x0000000012f60000,0x0000000013060000)]
  0x00000000112e0800 JavaThread "JDWP Transport Listener: dt_socket" daemon [_thread_in_vm, id=4140, stack(0x0000000012e00000,0x0000000012f00000)]
  0x00000000112d6000 JavaThread "Attach Listener" daemon [_thread_blocked, id=5236, stack(0x0000000012870000,0x0000000012970000)]
  0x00000000112ce800 JavaThread "Signal Dispatcher" daemon [_thread_blocked, id=8944, stack(0x0000000012320000,0x0000000012420000)]
  0x0000000011229800 JavaThread "Finalizer" daemon [_thread_blocked, id=9408, stack(0x00000000125c0000,0x00000000126c0000)]
  0x00000000023e9800 JavaThread "Reference Handler" daemon [_thread_blocked, id=8676, stack(0x00000000124b0000,0x00000000125b0000)]

Other Threads:
  0x0000000011221800 VMThread [stack: 0x00000000121d0000,0x00000000122d0000] [id=9984]
  0x0000000013514800 WatcherThread [stack: 0x00000000139c0000,0x0000000013ac0000] [id=4696]

VM state:not at safepoint (normal execution)

VM Mutex/Monitor currently owned by a thread:  ([mutex/lock_event])
[0x000000000232cf90] SystemDictionary_lock - owner thread: 0x00000000112e0800
[0x000000000232e010] MultiArray_lock - owner thread: 0x00000000112e0800

Heap
 PSYoungGen      total 867584K, used 3749K [0x00000007aae00000, 0x00000007e2360000, 0x0000000800000000)
  eden space 829312K, 0% used [0x00000007aae00000,0x00000007ab1a9438,0x00000007dd7e0000)
  from space 38272K, 0% used [0x00000007dfe00000,0x00000007dfe00000,0x00000007e2360000)
  to   space 38656K, 0% used [0x00000007dd7e0000,0x00000007dd7e0000,0x00000007dfda0000)
 ParOldGen       total 951552K, used 43959K [0x0000000700a00000, 0x000000073ab40000, 0x00000007aae00000)
  object space 951552K, 4% used [0x0000000700a00000,0x00000007034edfc8,0x000000073ab40000)
 PSPermGen       total 83968K, used 83967K [0x00000006fb800000, 0x0000000700a00000, 0x0000000700a00000)
  object space 83968K, 99% used [0x00000006fb800000,0x00000007009fffd8,0x0000000700a00000)

Card table byte_map: [0x0000000005810000,0x0000000006040000] byte_map_base: 0x0000000002034000

Polling page: 0x0000000000420000

Code Cache  [0x0000000002810000, 0x0000000002f60000, 0x0000000005810000)
 total_blobs=2363 nmethods=1505 adapters=815 free_code_cache=41789Kb largest_free_block=42698496

Compilation events (10 events):
Event: 47.273 Thread 0x00000000112ff800 nmethod 1650 0x0000000002f4ebd0 code [0x0000000002f4ed80, 0x0000000002f4f948]
Event: 47.273 Thread 0x00000000112ff800 1652             com.alibaba.fastjson.asm.Label::addReference (93 bytes)
Event: 47.275 Thread 0x0000000011309000 nmethod 1651 0x0000000002f4ddd0 code [0x0000000002f4df60, 0x0000000002f4e698]
Event: 47.275 Thread 0x00000000112ff800 nmethod 1652 0x0000000002a2c0d0 code [0x0000000002a2c220, 0x0000000002a2c5d8]
Event: 47.298 Thread 0x0000000011309000 1653             com.alibaba.fastjson.asm.MethodWriter::visitLdcInsn (78 bytes)
Event: 47.298 Thread 0x00000000112ff800 1654             com.alibaba.fastjson.asm.ClassWriter::newConstItem (159 bytes)
Event: 47.305 Thread 0x00000000112ff800 nmethod 1654 0x0000000002ae1310 code [0x0000000002ae15a0, 0x0000000002ae2108]
Event: 47.309 Thread 0x0000000011309000 nmethod 1653 0x0000000002f54e50 code [0x0000000002f55120, 0x0000000002f56370]
Event: 48.014 Thread 0x00000000112ff800   32 % !         java.lang.ref.Reference$ReferenceHandler::run @ 0 (108 bytes)
Event: 48.022 Thread 0x00000000112ff800 nmethod 32% 0x0000000002f54250 code [0x0000000002f543e0, 0x0000000002f54ae8]

GC Heap History (10 events):
Event: 48.101 GC heap before
{Heap before GC invocations=18 (full 4):
 PSYoungGen      total 852288K, used 192K [0x00000007aae00000, 0x00000007e18c0000, 0x0000000800000000)
  eden space 816512K, 0% used [0x00000007aae00000,0x00000007aae00000,0x00000007dcb60000)
  from space 35776K, 0% used [0x00000007df5d0000,0x00000007df600000,0x00000007e18c0000)
  to   space 39616K, 0% used [0x00000007dcb60000,0x00000007dcb60000,0x00000007df210000)
 ParOldGen       total 355008K, used 48063K [0x0000000700a00000, 0x00000007164b0000, 0x00000007aae00000)
  object space 355008K, 13% used [0x0000000700a00000,0x00000007038efd90,0x00000007164b0000)
 PSPermGen       total 83968K, used 83967K [0x00000006fb800000, 0x0000000700a00000, 0x0000000700a00000)
  object space 83968K, 99% used [0x00000006fb800000,0x00000007009ffdc0,0x0000000700a00000)
Event: 48.206 GC heap after
Heap after GC invocations=18 (full 4):
 PSYoungGen      total 852288K, used 0K [0x00000007aae00000, 0x00000007e18c0000, 0x0000000800000000)
  eden space 816512K, 0% used [0x00000007aae00000,0x00000007aae00000,0x00000007dcb60000)
  from space 35776K, 0% used [0x00000007df5d0000,0x00000007df5d0000,0x00000007e18c0000)
  to   space 39616K, 0% used [0x00000007dcb60000,0x00000007dcb60000,0x00000007df210000)
 ParOldGen       total 521344K, used 44093K [0x0000000700a00000, 0x0000000720720000, 0x00000007aae00000)
  object space 521344K, 8% used [0x0000000700a00000,0x000000070350f6d8,0x0000000720720000)
 PSPermGen       total 83968K, used 83967K [0x00000006fb800000, 0x0000000700a00000, 0x0000000700a00000)
  object space 83968K, 99% used [0x00000006fb800000,0x00000007009ffd18,0x0000000700a00000)
}
Event: 48.221 GC heap before
{Heap before GC invocations=19 (full 4):
 PSYoungGen      total 852288K, used 0K [0x00000007aae00000, 0x00000007e18c0000, 0x0000000800000000)
  eden space 816512K, 0% used [0x00000007aae00000,0x00000007aae00000,0x00000007dcb60000)
  from space 35776K, 0% used [0x00000007df5d0000,0x00000007df5d0000,0x00000007e18c0000)
  to   space 39616K, 0% used [0x00000007dcb60000,0x00000007dcb60000,0x00000007df210000)
 ParOldGen       total 521344K, used 44093K [0x0000000700a00000, 0x0000000720720000, 0x00000007aae00000)
  object space 521344K, 8% used [0x0000000700a00000,0x000000070350f6d8,0x0000000720720000)
 PSPermGen       total 83968K, used 83967K [0x00000006fb800000, 0x0000000700a00000, 0x0000000700a00000)
  object space 83968K, 99% used [0x00000006fb800000,0x00000007009fffd8,0x0000000700a00000)
Event: 48.224 GC heap after
Heap after GC invocations=19 (full 4):
 PSYoungGen      total 856128K, used 0K [0x00000007aae00000, 0x00000007e2460000, 0x0000000800000000)
  eden space 816512K, 0% used [0x00000007aae00000,0x00000007aae00000,0x00000007dcb60000)
  from space 39616K, 0% used [0x00000007dcb60000,0x00000007dcb60000,0x00000007df210000)
  to   space 39296K, 0% used [0x00000007dfe00000,0x00000007dfe00000,0x00000007e2460000)
 ParOldGen       total 521344K, used 44093K [0x0000000700a00000, 0x0000000720720000, 0x00000007aae00000)
  object space 521344K, 8% used [0x0000000700a00000,0x000000070350f6d8,0x0000000720720000)
 PSPermGen       total 83968K, used 83967K [0x00000006fb800000, 0x0000000700a00000, 0x0000000700a00000)
  object space 83968K, 99% used [0x00000006fb800000,0x00000007009fffd8,0x0000000700a00000)
}
Event: 48.224 GC heap before
{Heap before GC invocations=20 (full 5):
 PSYoungGen      total 856128K, used 0K [0x00000007aae00000, 0x00000007e2460000, 0x0000000800000000)
  eden space 816512K, 0% used [0x00000007aae00000,0x00000007aae00000,0x00000007dcb60000)
  from space 39616K, 0% used [0x00000007dcb60000,0x00000007dcb60000,0x00000007df210000)
  to   space 39296K, 0% used [0x00000007dfe00000,0x00000007dfe00000,0x00000007e2460000)
 ParOldGen       total 521344K, used 44093K [0x0000000700a00000, 0x0000000720720000, 0x00000007aae00000)
  object space 521344K, 8% used [0x0000000700a00000,0x000000070350f6d8,0x0000000720720000)
 PSPermGen       total 83968K, used 83967K [0x00000006fb800000, 0x0000000700a00000, 0x0000000700a00000)
  object space 83968K, 99% used [0x00000006fb800000,0x00000007009fffd8,0x0000000700a00000)
Event: 48.337 GC heap after
Heap after GC invocations=20 (full 5):
 PSYoungGen      total 856128K, used 0K [0x00000007aae00000, 0x00000007e2460000, 0x0000000800000000)
  eden space 816512K, 0% used [0x00000007aae00000,0x00000007aae00000,0x00000007dcb60000)
  from space 39616K, 0% used [0x00000007dcb60000,0x00000007dcb60000,0x00000007df210000)
  to   space 39296K, 0% used [0x00000007dfe00000,0x00000007dfe00000,0x00000007e2460000)
 ParOldGen       total 701184K, used 44001K [0x0000000700a00000, 0x000000072b6c0000, 0x00000007aae00000)
  object space 701184K, 6% used [0x0000000700a00000,0x00000007034f86f8,0x000000072b6c0000)
 PSPermGen       total 83968K, used 83967K [0x00000006fb800000, 0x0000000700a00000, 0x0000000700a00000)
  object space 83968K, 99% used [0x00000006fb800000,0x00000007009fffd8,0x0000000700a00000)
}
Event: 48.337 GC heap before
{Heap before GC invocations=21 (full 5):
 PSYoungGen      total 856128K, used 0K [0x00000007aae00000, 0x00000007e2460000, 0x0000000800000000)
  eden space 816512K, 0% used [0x00000007aae00000,0x00000007aae00000,0x00000007dcb60000)
  from space 39616K, 0% used [0x00000007dcb60000,0x00000007dcb60000,0x00000007df210000)
  to   space 39296K, 0% used [0x00000007dfe00000,0x00000007dfe00000,0x00000007e2460000)
 ParOldGen       total 701184K, used 44001K [0x0000000700a00000, 0x000000072b6c0000, 0x00000007aae00000)
  object space 701184K, 6% used [0x0000000700a00000,0x00000007034f86f8,0x000000072b6c0000)
 PSPermGen       total 83968K, used 83967K [0x00000006fb800000, 0x0000000700a00000, 0x0000000700a00000)
  object space 83968K, 99% used [0x00000006fb800000,0x00000007009fffd8,0x0000000700a00000)
Event: 48.340 GC heap after
Heap after GC invocations=21 (full 5):
 PSYoungGen      total 867584K, used 0K [0x00000007aae00000, 0x00000007e2360000, 0x0000000800000000)
  eden space 829312K, 0% used [0x00000007aae00000,0x00000007aae00000,0x00000007dd7e0000)
  from space 38272K, 0% used [0x00000007dfe00000,0x00000007dfe00000,0x00000007e2360000)
  to   space 38656K, 0% used [0x00000007dd7e0000,0x00000007dd7e0000,0x00000007dfda0000)
 ParOldGen       total 701184K, used 44001K [0x0000000700a00000, 0x000000072b6c0000, 0x00000007aae00000)
  object space 701184K, 6% used [0x0000000700a00000,0x00000007034f86f8,0x000000072b6c0000)
 PSPermGen       total 83968K, used 83967K [0x00000006fb800000, 0x0000000700a00000, 0x0000000700a00000)
  object space 83968K, 99% used [0x00000006fb800000,0x00000007009fffd8,0x0000000700a00000)
}
Event: 48.340 GC heap before
{Heap before GC invocations=22 (full 6):
 PSYoungGen      total 867584K, used 0K [0x00000007aae00000, 0x00000007e2360000, 0x0000000800000000)
  eden space 829312K, 0% used [0x00000007aae00000,0x00000007aae00000,0x00000007dd7e0000)
  from space 38272K, 0% used [0x00000007dfe00000,0x00000007dfe00000,0x00000007e2360000)
  to   space 38656K, 0% used [0x00000007dd7e0000,0x00000007dd7e0000,0x00000007dfda0000)
 ParOldGen       total 701184K, used 44001K [0x0000000700a00000, 0x000000072b6c0000, 0x00000007aae00000)
  object space 701184K, 6% used [0x0000000700a00000,0x00000007034f86f8,0x000000072b6c0000)
 PSPermGen       total 83968K, used 83967K [0x00000006fb800000, 0x0000000700a00000, 0x0000000700a00000)
  object space 83968K, 99% used [0x00000006fb800000,0x00000007009fffd8,0x0000000700a00000)
Event: 48.517 GC heap after
Heap after GC invocations=22 (full 6):
 PSYoungGen      total 867584K, used 0K [0x00000007aae00000, 0x00000007e2360000, 0x0000000800000000)
  eden space 829312K, 0% used [0x00000007aae00000,0x00000007aae00000,0x00000007dd7e0000)
  from space 38272K, 0% used [0x00000007dfe00000,0x00000007dfe00000,0x00000007e2360000)
  to   space 38656K, 0% used [0x00000007dd7e0000,0x00000007dd7e0000,0x00000007dfda0000)
 ParOldGen       total 951552K, used 43959K [0x0000000700a00000, 0x000000073ab40000, 0x00000007aae00000)
  object space 951552K, 4% used [0x0000000700a00000,0x00000007034edfc8,0x000000073ab40000)
 PSPermGen       total 83968K, used 83967K [0x00000006fb800000, 0x0000000700a00000, 0x0000000700a00000)
  object space 83968K, 99% used [0x00000006fb800000,0x00000007009fffd8,0x0000000700a00000)
}

Deoptimization events (10 events):
Event: 47.112 Thread 0x0000000014edb000 Uncommon trap -89 fr.pc 0x0000000002a741a8
Event: 47.112 Thread 0x0000000014edb000 Uncommon trap -58 fr.pc 0x0000000002ac6fac
Event: 47.140 Thread 0x0000000014edb000 Uncommon trap -89 fr.pc 0x0000000002a741a8
Event: 47.143 Thread 0x0000000014edb000 Uncommon trap -25 fr.pc 0x000000000289df24
Event: 47.143 Thread 0x0000000014edb000 Uncommon trap -25 fr.pc 0x000000000289df24
Event: 47.155 Thread 0x0000000014edb000 Uncommon trap -25 fr.pc 0x000000000289df24
Event: 47.658 Thread 0x00000000023e9800 Uncommon trap -83 fr.pc 0x0000000002b17774
Event: 48.029 Thread 0x0000000014edb000 Uncommon trap -83 fr.pc 0x0000000002a859e0
Event: 48.029 Thread 0x0000000014edb000 Uncommon trap -83 fr.pc 0x000000000294e674
Event: 48.036 Thread 0x0000000014edb000 Uncommon trap -83 fr.pc 0x0000000002a52c40

Internal exceptions (10 events):
Event: 47.112 Thread 0x0000000014edb000 Threw 0x00000007d65fe6c0 at C:\jdk7u2_64p\jdk7u25\hotspot\src\share\vm\prims\jni.cpp:716
Event: 47.141 Thread 0x0000000014edb000 Threw 0x00000007d68171f0 at C:\jdk7u2_64p\jdk7u25\hotspot\src\share\vm\prims\jvm.cpp:1235
Event: 47.143 Thread 0x0000000014edb000 Threw 0x00000007d6832840 at C:\jdk7u2_64p\jdk7u25\hotspot\src\share\vm\interpreter\interpreterRuntime.cpp:347
Event: 47.143 Thread 0x0000000014edb000 Threw 0x00000007d6834780 at C:\jdk7u2_64p\jdk7u25\hotspot\src\share\vm\interpreter\interpreterRuntime.cpp:347
Event: 47.155 Thread 0x0000000014edb000 Threw 0x00000007d697e148 at C:\jdk7u2_64p\jdk7u25\hotspot\src\share\vm\interpreter\interpreterRuntime.cpp:347
Event: 47.240 Thread 0x0000000014edb000 Threw 0x00000007d71b2b30 at C:\jdk7u2_64p\jdk7u25\hotspot\src\share\vm\prims\jni.cpp:716
Event: 48.029 Thread 0x0000000014edb000 Implicit null exception at 0x0000000002a8553d to 0x0000000002a859c9
Event: 48.036 Thread 0x0000000014edb000 Implicit null exception at 0x0000000002a4d4d0 to 0x0000000002a52c29
Event: 48.517 Thread 0x0000000014edb000 Threw 0x00000006fb8b0078 at C:\jdk7u2_64p\jdk7u25\hotspot\src\share\vm\gc_interface/collectedHeap.inline.hpp:226
Event: 48.517 Thread 0x0000000014edb000 Threw 0x00000007aaf30a60 at C:\jdk7u2_64p\jdk7u25\hotspot\src\share\vm\prims\jni.cpp:1597

Events (10 events):
Event: 48.097 loading class 0x0000000013ed9670
Event: 48.097 loading class 0x0000000013ed9670 done
Event: 48.097 loading class 0x0000000015eda2f0
Event: 48.097 loading class 0x0000000015eda2f0 done
Event: 48.097 Executing VM operation: ParallelGCFailedPermanentAllocation
Event: 48.206 Executing VM operation: ParallelGCFailedPermanentAllocation done
Event: 48.221 loading class 0x0000000015c79070
Event: 48.221 Executing VM operation: ParallelGCFailedPermanentAllocation
Event: 48.517 Executing VM operation: ParallelGCFailedPermanentAllocation done
Event: 48.517 loading class 0x0000000015c79070 done


Dynamic libraries:
0x000000013f300000 - 0x000000013f333000 	D:\Program Files\Java\jdk1.7.0_25\bin\javaw.exe
0x00000000772e0000 - 0x0000000077489000 	C:\Windows\SYSTEM32\ntdll.dll
0x00000000770c0000 - 0x00000000771df000 	C:\Windows\system32\kernel32.dll
0x000007fefd170000 - 0x000007fefd1dc000 	C:\Windows\system32\KERNELBASE.dll
0x000007fefddb0000 - 0x000007fefde8b000 	C:\Windows\system32\ADVAPI32.dll
0x000007fefef50000 - 0x000007fefefef000 	C:\Windows\system32\msvcrt.dll
0x000007fefd420000 - 0x000007fefd43f000 	C:\Windows\SYSTEM32\sechost.dll
0x000007feff2b0000 - 0x000007feff3dd000 	C:\Windows\system32\RPCRT4.dll
0x00000000771e0000 - 0x00000000772da000 	C:\Windows\system32\USER32.dll
0x000007fefd820000 - 0x000007fefd887000 	C:\Windows\system32\GDI32.dll
0x000007fefdcf0000 - 0x000007fefdcfe000 	C:\Windows\system32\LPK.dll
0x000007fefd890000 - 0x000007fefd959000 	C:\Windows\system32\USP10.dll
0x000007fefb760000 - 0x000007fefb954000 	C:\Windows\WinSxS\amd64_microsoft.windows.common-controls_6595b64144ccf1df_6.0.7601.18837_none_fa3b1e3d17594757\COMCTL32.dll
0x000007fefed40000 - 0x000007fefedb1000 	C:\Windows\system32\SHLWAPI.dll
0x000007fefdcb0000 - 0x000007fefdcde000 	C:\Windows\system32\IMM32.DLL
0x000007fefd440000 - 0x000007fefd549000 	C:\Windows\system32\MSCTF.dll
0x0000000067110000 - 0x00000000671e1000 	D:\Program Files\Java\jdk1.7.0_25\jre\bin\msvcr100.dll
0x0000000066a00000 - 0x000000006710f000 	D:\Program Files\Java\jdk1.7.0_25\jre\bin\server\jvm.dll
0x000007feed4c0000 - 0x000007feed4c9000 	C:\Windows\system32\WSOCK32.dll
0x000007fefdd00000 - 0x000007fefdd4d000 	C:\Windows\system32\WS2_32.dll
0x000007fefdce0000 - 0x000007fefdce8000 	C:\Windows\system32\NSI.dll
0x000007fefaf70000 - 0x000007fefafab000 	C:\Windows\system32\WINMM.dll
0x00000000774b0000 - 0x00000000774b7000 	C:\Windows\system32\PSAPI.DLL
0x00000000669f0000 - 0x00000000669ff000 	D:\Program Files\Java\jdk1.7.0_25\jre\bin\verify.dll
0x00000000669c0000 - 0x00000000669e8000 	D:\Program Files\Java\jdk1.7.0_25\jre\bin\java.dll
0x0000000067be0000 - 0x0000000067c15000 	D:\Program Files\Java\jdk1.7.0_25\jre\bin\jdwp.dll
0x000000006d0c0000 - 0x000000006d0c8000 	D:\Program Files\Java\jdk1.7.0_25\jre\bin\npt.dll
0x00000000669a0000 - 0x00000000669b5000 	D:\Program Files\Java\jdk1.7.0_25\jre\bin\zip.dll
0x000000006bfb0000 - 0x000000006bfb9000 	D:\Program Files\Java\jdk1.7.0_25\jre\bin\dt_socket.dll
0x000007fefaf50000 - 0x000007fefaf65000 	C:\Windows\system32\NLAapi.dll
0x000007fef7790000 - 0x000007fef77a5000 	C:\Windows\system32\napinsp.dll
0x000007fef7770000 - 0x000007fef7789000 	C:\Windows\system32\pnrpnsp.dll
0x000007fefc860000 - 0x000007fefc8b5000 	C:\Windows\System32\mswsock.dll
0x000007fefc6e0000 - 0x000007fefc73b000 	C:\Windows\system32\DNSAPI.dll
0x000007fef7760000 - 0x000007fef776b000 	C:\Windows\System32\winrnr.dll
0x000007fef7750000 - 0x000007fef7760000 	C:\Windows\system32\wshbth.dll
0x000007fef95b0000 - 0x000007fef95d7000 	C:\Windows\system32\IPHLPAPI.DLL
0x000007fef95a0000 - 0x000007fef95ab000 	C:\Windows\system32\WINNSI.DLL
0x000007fef9430000 - 0x000007fef9483000 	C:\Windows\System32\fwpuclnt.dll
0x000007fef78b0000 - 0x000007fef78b8000 	C:\Windows\system32\rasadhlp.dll
0x000007fefc130000 - 0x000007fefc137000 	C:\Windows\System32\wshtcpip.dll
0x0000000066980000 - 0x0000000066999000 	D:\Program Files\Java\jdk1.7.0_25\jre\bin\net.dll
0x000007fefc850000 - 0x000007fefc857000 	C:\Windows\System32\wship6.dll
0x0000000066960000 - 0x0000000066971000 	D:\Program Files\Java\jdk1.7.0_25\jre\bin\nio.dll
0x000007fef93b0000 - 0x000007fef93c1000 	C:\Windows\system32\dhcpcsvc6.DLL
0x000007fef9390000 - 0x000007fef93a8000 	C:\Windows\system32\dhcpcsvc.DLL
0x0000000066950000 - 0x000000006695b000 	D:\Program Files\Java\jdk1.7.0_25\jre\bin\management.dll
0x0000000071770000 - 0x0000000071794000 	D:\Program Files\Java\jdk1.7.0_25\jre\bin\sunec.dll
0x0000000070ae0000 - 0x0000000070aeb000 	D:\Program Files\Java\jdk1.7.0_25\jre\bin\sunmscapi.dll
0x000007fefd000000 - 0x000007fefd16a000 	C:\Windows\system32\CRYPT32.dll
0x000007fefcfd0000 - 0x000007fefcfdf000 	C:\Windows\system32\MSASN1.dll
0x000007fefc8c0000 - 0x000007fefc8d7000 	C:\Windows\system32\CRYPTSP.dll
0x000007fefc5c0000 - 0x000007fefc607000 	C:\Windows\system32\rsaenh.dll
0x000007fefd1f0000 - 0x000007fefd20e000 	C:\Windows\system32\USERENV.dll
0x000007fefcfc0000 - 0x000007fefcfcf000 	C:\Windows\system32\profapi.dll
0x000007fefce60000 - 0x000007fefce6f000 	C:\Windows\system32\CRYPTBASE.dll
0x0000000065260000 - 0x00000000653f5000 	D:\Program Files\Java\jdk1.7.0_25\jre\bin\awt.dll
0x000007fefeff0000 - 0x000007feff0c7000 	C:\Windows\system32\OLEAUT32.dll
0x000007feff3e0000 - 0x000007feff5e3000 	C:\Windows\system32\ole32.dll
0x00000000673d0000 - 0x0000000067409000 	D:\Program Files\Java\jdk1.7.0_25\jre\bin\kcms.dll
0x000007fefb6c0000 - 0x000007fefb6d8000 	C:\Windows\system32\DWMAPI.DLL
0x0000000067390000 - 0x00000000673cf000 	D:\Program Files\Java\jdk1.7.0_25\jre\bin\fontmanager.dll
0x000007fef75e0000 - 0x000007fef7705000 	C:\Windows\system32\dbghelp.dll

VM Arguments:
jvm_args: -agentlib:jdwp=transport=dt_socket,suspend=y,address=localhost:59652 -Dfile.encoding=UTF-8 
java_command: com.dq.easy.cloud.pay.wx.DqEasyCloudWxPayServiceApplication
Launcher Type: SUN_STANDARD

Environment Variables:
JAVA_HOME=D:\Program Files\Java\jdk1.7.0_25
PATH=D:\Program Files\Java\jdk1.7.0_25\jre\bin;D:/Program Files/Java/jdk1.7.0_25/bin/../jre/bin/server;D:/Program Files/Java/jdk1.7.0_25/bin/../jre/bin;D:/Program Files/Java/jdk1.7.0_25/bin/../jre/lib/amd64;E:\Program Files (x86)\360\360DeskTop;C:\Program Files (x86)\Common Files\NetSarang;D:\Program Files\Java\jdk1.7.0_25\bin;D:\Program Files\apache-maven-3.5.0\bin;C:\Windows\system32;C:\Windows;C:\Windows\System32\Wbem;C:\Windows\System32\WindowsPowerShell\v1.0\;C:\Program Files\TortoiseGit\bin;d:\Program Files\Git\cmd;D:\开发工具\spring-tool-suite-3.7.0.RELEASE-e4.5-win32-x86_64\sts-bundle\sts-3.7.0.RELEASE;
USERNAME=THINK
OS=Windows_NT
PROCESSOR_IDENTIFIER=Intel64 Family 6 Model 60 Stepping 3, GenuineIntel



---------------  S Y S T E M  ---------------

OS: Windows 7 , 64 bit Build 7601 Service Pack 1

CPU:total 4 (4 cores per cpu, 1 threads per core) family 6 model 60 stepping 3, cmov, cx8, fxsr, mmx, sse, sse2, sse3, ssse3, sse4.1, sse4.2, popcnt, avx, avx2, tsc, tscinvbit

Memory: 4k page, physical 16728616k(4832580k free), swap 20921080k(3827396k free)

vm_info: Java HotSpot(TM) 64-Bit Server VM (23.25-b01) for windows-amd64 JRE (1.7.0_25-b17), built on Jun 21 2013 12:58:32 by "java_re" with unknown MS VC++:1600

time: Wed Feb 28 11:49:10 2018
elapsed time: 48 seconds

